The system is: Linux - 4.4.0-128-generic - x86_64
Compiling the C compiler identification source file "CMakeCCompilerId.c" succeeded.
Compiler: /usr/bin/cc 
Build flags: 
Id flags: 

The output was:
0


Compilation of the C compiler identification source "CMakeCCompilerId.c" produced "a.out"

The C compiler identification is GNU, found in "/home/asridharan/projects/ric-co/ric-plt/lib/rmr/build/nanomsg-prefix/src/nanomsg-build/CMakeFiles/3.5.1/CompilerIdC/a.out"

Determining if the C compiler works passed with the following output:
Change Dir: /home/asridharan/projects/ric-co/ric-plt/lib/rmr/build/nanomsg-prefix/src/nanomsg-build/CMakeFiles/CMakeTmp

Run Build Command:"/usr/bin/make" "cmTC_91de6/fast"
make[3]: Entering directory '/home/asridharan/projects/ric-co/ric-plt/lib/rmr/build/nanomsg-prefix/src/nanomsg-build/CMakeFiles/CMakeTmp'
/usr/bin/make -f CMakeFiles/cmTC_91de6.dir/build.make CMakeFiles/cmTC_91de6.dir/build
make[4]: Entering directory '/home/asridharan/projects/ric-co/ric-plt/lib/rmr/build/nanomsg-prefix/src/nanomsg-build/CMakeFiles/CMakeTmp'
Building C object CMakeFiles/cmTC_91de6.dir/testCCompiler.c.o
/usr/bin/cc     -o CMakeFiles/cmTC_91de6.dir/testCCompiler.c.o   -c /home/asridharan/projects/ric-co/ric-plt/lib/rmr/build/nanomsg-prefix/src/nanomsg-build/CMakeFiles/CMakeTmp/testCCompiler.c
Linking C executable cmTC_91de6
/usr/bin/cmake -E cmake_link_script CMakeFiles/cmTC_91de6.dir/link.txt --verbose=1
/usr/bin/cc       CMakeFiles/cmTC_91de6.dir/testCCompiler.c.o  -o cmTC_91de6 -rdynamic 
make[4]: Leaving directory '/home/asridharan/projects/ric-co/ric-plt/lib/rmr/build/nanomsg-prefix/src/nanomsg-build/CMakeFiles/CMakeTmp'
make[3]: Leaving directory '/home/asridharan/projects/ric-co/ric-plt/lib/rmr/build/nanomsg-prefix/src/nanomsg-build/CMakeFiles/CMakeTmp'


Detecting C compiler ABI info compiled with the following output:
Change Dir: /home/asridharan/projects/ric-co/ric-plt/lib/rmr/build/nanomsg-prefix/src/nanomsg-build/CMakeFiles/CMakeTmp

Run Build Command:"/usr/bin/make" "cmTC_f94fb/fast"
make[3]: Entering directory '/home/asridharan/projects/ric-co/ric-plt/lib/rmr/build/nanomsg-prefix/src/nanomsg-build/CMakeFiles/CMakeTmp'
/usr/bin/make -f CMakeFiles/cmTC_f94fb.dir/build.make CMakeFiles/cmTC_f94fb.dir/build
make[4]: Entering directory '/home/asridharan/projects/ric-co/ric-plt/lib/rmr/build/nanomsg-prefix/src/nanomsg-build/CMakeFiles/CMakeTmp'
Building C object CMakeFiles/cmTC_f94fb.dir/CMakeCCompilerABI.c.o
/usr/bin/cc     -o CMakeFiles/cmTC_f94fb.dir/CMakeCCompilerABI.c.o   -c /usr/share/cmake-3.5/Modules/CMakeCCompilerABI.c
Linking C executable cmTC_f94fb
/usr/bin/cmake -E cmake_link_script CMakeFiles/cmTC_f94fb.dir/link.txt --verbose=1
/usr/bin/cc      -v CMakeFiles/cmTC_f94fb.dir/CMakeCCompilerABI.c.o  -o cmTC_f94fb -rdynamic  
Using built-in specs.
COLLECT_GCC=/usr/bin/cc
COLLECT_LTO_WRAPPER=/usr/lib/gcc/x86_64-linux-gnu/5/lto-wrapper
Target: x86_64-linux-gnu
Configured with: ../src/configure -v --with-pkgversion='Ubuntu 5.4.0-6ubuntu1~16.04.11' --with-bugurl=file:///usr/share/doc/gcc-5/README.Bugs --enable-languages=c,ada,c++,java,go,d,fortran,objc,obj-c++ --prefix=/usr --program-suffix=-5 --enable-shared --enable-linker-build-id --libexecdir=/usr/lib --without-included-gettext --enable-threads=posix --libdir=/usr/lib --enable-nls --with-sysroot=/ --enable-clocale=gnu --enable-libstdcxx-debug --enable-libstdcxx-time=yes --with-default-libstdcxx-abi=new --enable-gnu-unique-object --disable-vtable-verify --enable-libmpx --enable-plugin --with-system-zlib --disable-browser-plugin --enable-java-awt=gtk --enable-gtk-cairo --with-java-home=/usr/lib/jvm/java-1.5.0-gcj-5-amd64/jre --enable-java-home --with-jvm-root-dir=/usr/lib/jvm/java-1.5.0-gcj-5-amd64 --with-jvm-jar-dir=/usr/lib/jvm-exports/java-1.5.0-gcj-5-amd64 --with-arch-directory=amd64 --with-ecj-jar=/usr/share/java/eclipse-ecj.jar --enable-objc-gc --enable-multiarch --disable-werror --with-arch-32=i686 --with-abi=m64 --with-multilib-list=m32,m64,mx32 --enable-multilib --with-tune=generic --enable-checking=release --build=x86_64-linux-gnu --host=x86_64-linux-gnu --target=x86_64-linux-gnu
Thread model: posix
gcc version 5.4.0 20160609 (Ubuntu 5.4.0-6ubuntu1~16.04.11) 
COMPILER_PATH=/usr/lib/gcc/x86_64-linux-gnu/5/:/usr/lib/gcc/x86_64-linux-gnu/5/:/usr/lib/gcc/x86_64-linux-gnu/:/usr/lib/gcc/x86_64-linux-gnu/5/:/usr/lib/gcc/x86_64-linux-gnu/
LIBRARY_PATH=/usr/local/lib/../lib/:/opt/5g/nng/lib/../lib/:/opt/5g/nanomsg/lib/../lib/:/usr/lib/gcc/x86_64-linux-gnu/5/:/usr/lib/gcc/x86_64-linux-gnu/5/../../../x86_64-linux-gnu/:/usr/lib/gcc/x86_64-linux-gnu/5/../../../../lib/:/lib/x86_64-linux-gnu/:/lib/../lib/:/usr/lib/x86_64-linux-gnu/:/usr/lib/../lib/:./:/usr/local/lib/:/opt/5g/nng/lib/:/opt/5g/uta/:/opt/5g/nanomsg/lib/:/usr/lib/gcc/x86_64-linux-gnu/5/../../../:/lib/:/usr/lib/
COLLECT_GCC_OPTIONS='-v' '-o' 'cmTC_f94fb' '-rdynamic' '-mtune=generic' '-march=x86-64'
 /usr/lib/gcc/x86_64-linux-gnu/5/collect2 -plugin /usr/lib/gcc/x86_64-linux-gnu/5/liblto_plugin.so -plugin-opt=/usr/lib/gcc/x86_64-linux-gnu/5/lto-wrapper -plugin-opt=-fresolution=/tmp/ccvqTw8v.res -plugin-opt=-pass-through=-lgcc -plugin-opt=-pass-through=-lgcc_s -plugin-opt=-pass-through=-lc -plugin-opt=-pass-through=-lgcc -plugin-opt=-pass-through=-lgcc_s --sysroot=/ --build-id --eh-frame-hdr -m elf_x86_64 --hash-style=gnu --as-needed -export-dynamic -dynamic-linker /lib64/ld-linux-x86-64.so.2 -z relro -o cmTC_f94fb /usr/lib/gcc/x86_64-linux-gnu/5/../../../x86_64-linux-gnu/crt1.o /usr/lib/gcc/x86_64-linux-gnu/5/../../../x86_64-linux-gnu/crti.o /usr/lib/gcc/x86_64-linux-gnu/5/crtbegin.o -L/usr/local/lib/../lib -L/opt/5g/nng/lib/../lib -L/opt/5g/nanomsg/lib/../lib -L/usr/lib/gcc/x86_64-linux-gnu/5 -L/usr/lib/gcc/x86_64-linux-gnu/5/../../../x86_64-linux-gnu -L/usr/lib/gcc/x86_64-linux-gnu/5/../../../../lib -L/lib/x86_64-linux-gnu -L/lib/../lib -L/usr/lib/x86_64-linux-gnu -L/usr/lib/../lib -L. -L/usr/local/lib -L/opt/5g/nng/lib -L/opt/5g/uta -L/opt/5g/nanomsg/lib -L/usr/lib/gcc/x86_64-linux-gnu/5/../../.. CMakeFiles/cmTC_f94fb.dir/CMakeCCompilerABI.c.o -lgcc --as-needed -lgcc_s --no-as-needed -lc -lgcc --as-needed -lgcc_s --no-as-needed /usr/lib/gcc/x86_64-linux-gnu/5/crtend.o /usr/lib/gcc/x86_64-linux-gnu/5/../../../x86_64-linux-gnu/crtn.o
make[4]: Leaving directory '/home/asridharan/projects/ric-co/ric-plt/lib/rmr/build/nanomsg-prefix/src/nanomsg-build/CMakeFiles/CMakeTmp'
make[3]: Leaving directory '/home/asridharan/projects/ric-co/ric-plt/lib/rmr/build/nanomsg-prefix/src/nanomsg-build/CMakeFiles/CMakeTmp'


Parsed C implicit link information from above output:
  link line regex: [^( *|.*[/\])(ld|([^/\]+-)?ld|collect2)[^/\]*( |$)]
  ignore line: [Change Dir: /home/asridharan/projects/ric-co/ric-plt/lib/rmr/build/nanomsg-prefix/src/nanomsg-build/CMakeFiles/CMakeTmp]
  ignore line: []
  ignore line: [Run Build Command:"/usr/bin/make" "cmTC_f94fb/fast"]
  ignore line: [make[3]: Entering directory '/home/asridharan/projects/ric-co/ric-plt/lib/rmr/build/nanomsg-prefix/src/nanomsg-build/CMakeFiles/CMakeTmp']
  ignore line: [/usr/bin/make -f CMakeFiles/cmTC_f94fb.dir/build.make CMakeFiles/cmTC_f94fb.dir/build]
  ignore line: [make[4]: Entering directory '/home/asridharan/projects/ric-co/ric-plt/lib/rmr/build/nanomsg-prefix/src/nanomsg-build/CMakeFiles/CMakeTmp']
  ignore line: [Building C object CMakeFiles/cmTC_f94fb.dir/CMakeCCompilerABI.c.o]
  ignore line: [/usr/bin/cc     -o CMakeFiles/cmTC_f94fb.dir/CMakeCCompilerABI.c.o   -c /usr/share/cmake-3.5/Modules/CMakeCCompilerABI.c]
  ignore line: [Linking C executable cmTC_f94fb]
  ignore line: [/usr/bin/cmake -E cmake_link_script CMakeFiles/cmTC_f94fb.dir/link.txt --verbose=1]
  ignore line: [/usr/bin/cc      -v CMakeFiles/cmTC_f94fb.dir/CMakeCCompilerABI.c.o  -o cmTC_f94fb -rdynamic  ]
  ignore line: [Using built-in specs.]
  ignore line: [COLLECT_GCC=/usr/bin/cc]
  ignore line: [COLLECT_LTO_WRAPPER=/usr/lib/gcc/x86_64-linux-gnu/5/lto-wrapper]
  ignore line: [Target: x86_64-linux-gnu]
  ignore line: [Configured with: ../src/configure -v --with-pkgversion='Ubuntu 5.4.0-6ubuntu1~16.04.11' --with-bugurl=file:///usr/share/doc/gcc-5/README.Bugs --enable-languages=c,ada,c++,java,go,d,fortran,objc,obj-c++ --prefix=/usr --program-suffix=-5 --enable-shared --enable-linker-build-id --libexecdir=/usr/lib --without-included-gettext --enable-threads=posix --libdir=/usr/lib --enable-nls --with-sysroot=/ --enable-clocale=gnu --enable-libstdcxx-debug --enable-libstdcxx-time=yes --with-default-libstdcxx-abi=new --enable-gnu-unique-object --disable-vtable-verify --enable-libmpx --enable-plugin --with-system-zlib --disable-browser-plugin --enable-java-awt=gtk --enable-gtk-cairo --with-java-home=/usr/lib/jvm/java-1.5.0-gcj-5-amd64/jre --enable-java-home --with-jvm-root-dir=/usr/lib/jvm/java-1.5.0-gcj-5-amd64 --with-jvm-jar-dir=/usr/lib/jvm-exports/java-1.5.0-gcj-5-amd64 --with-arch-directory=amd64 --with-ecj-jar=/usr/share/java/eclipse-ecj.jar --enable-objc-gc --enable-multiarch --disable-werror --with-arch-32=i686 --with-abi=m64 --with-multilib-list=m32,m64,mx32 --enable-multilib --with-tune=generic --enable-checking=release --build=x86_64-linux-gnu --host=x86_64-linux-gnu --target=x86_64-linux-gnu]
  ignore line: [Thread model: posix]
  ignore line: [gcc version 5.4.0 20160609 (Ubuntu 5.4.0-6ubuntu1~16.04.11) ]
  ignore line: [COMPILER_PATH=/usr/lib/gcc/x86_64-linux-gnu/5/:/usr/lib/gcc/x86_64-linux-gnu/5/:/usr/lib/gcc/x86_64-linux-gnu/:/usr/lib/gcc/x86_64-linux-gnu/5/:/usr/lib/gcc/x86_64-linux-gnu/]
  ignore line: [LIBRARY_PATH=/usr/local/lib/../lib/:/opt/5g/nng/lib/../lib/:/opt/5g/nanomsg/lib/../lib/:/usr/lib/gcc/x86_64-linux-gnu/5/:/usr/lib/gcc/x86_64-linux-gnu/5/../../../x86_64-linux-gnu/:/usr/lib/gcc/x86_64-linux-gnu/5/../../../../lib/:/lib/x86_64-linux-gnu/:/lib/../lib/:/usr/lib/x86_64-linux-gnu/:/usr/lib/../lib/:./:/usr/local/lib/:/opt/5g/nng/lib/:/opt/5g/uta/:/opt/5g/nanomsg/lib/:/usr/lib/gcc/x86_64-linux-gnu/5/../../../:/lib/:/usr/lib/]
  ignore line: [COLLECT_GCC_OPTIONS='-v' '-o' 'cmTC_f94fb' '-rdynamic' '-mtune=generic' '-march=x86-64']
  link line: [ /usr/lib/gcc/x86_64-linux-gnu/5/collect2 -plugin /usr/lib/gcc/x86_64-linux-gnu/5/liblto_plugin.so -plugin-opt=/usr/lib/gcc/x86_64-linux-gnu/5/lto-wrapper -plugin-opt=-fresolution=/tmp/ccvqTw8v.res -plugin-opt=-pass-through=-lgcc -plugin-opt=-pass-through=-lgcc_s -plugin-opt=-pass-through=-lc -plugin-opt=-pass-through=-lgcc -plugin-opt=-pass-through=-lgcc_s --sysroot=/ --build-id --eh-frame-hdr -m elf_x86_64 --hash-style=gnu --as-needed -export-dynamic -dynamic-linker /lib64/ld-linux-x86-64.so.2 -z relro -o cmTC_f94fb /usr/lib/gcc/x86_64-linux-gnu/5/../../../x86_64-linux-gnu/crt1.o /usr/lib/gcc/x86_64-linux-gnu/5/../../../x86_64-linux-gnu/crti.o /usr/lib/gcc/x86_64-linux-gnu/5/crtbegin.o -L/usr/local/lib/../lib -L/opt/5g/nng/lib/../lib -L/opt/5g/nanomsg/lib/../lib -L/usr/lib/gcc/x86_64-linux-gnu/5 -L/usr/lib/gcc/x86_64-linux-gnu/5/../../../x86_64-linux-gnu -L/usr/lib/gcc/x86_64-linux-gnu/5/../../../../lib -L/lib/x86_64-linux-gnu -L/lib/../lib -L/usr/lib/x86_64-linux-gnu -L/usr/lib/../lib -L. -L/usr/local/lib -L/opt/5g/nng/lib -L/opt/5g/uta -L/opt/5g/nanomsg/lib -L/usr/lib/gcc/x86_64-linux-gnu/5/../../.. CMakeFiles/cmTC_f94fb.dir/CMakeCCompilerABI.c.o -lgcc --as-needed -lgcc_s --no-as-needed -lc -lgcc --as-needed -lgcc_s --no-as-needed /usr/lib/gcc/x86_64-linux-gnu/5/crtend.o /usr/lib/gcc/x86_64-linux-gnu/5/../../../x86_64-linux-gnu/crtn.o]
    arg [/usr/lib/gcc/x86_64-linux-gnu/5/collect2] ==> ignore
    arg [-plugin] ==> ignore
    arg [/usr/lib/gcc/x86_64-linux-gnu/5/liblto_plugin.so] ==> ignore
    arg [-plugin-opt=/usr/lib/gcc/x86_64-linux-gnu/5/lto-wrapper] ==> ignore
    arg [-plugin-opt=-fresolution=/tmp/ccvqTw8v.res] ==> ignore
    arg [-plugin-opt=-pass-through=-lgcc] ==> ignore
    arg [-plugin-opt=-pass-through=-lgcc_s] ==> ignore
    arg [-plugin-opt=-pass-through=-lc] ==> ignore
    arg [-plugin-opt=-pass-through=-lgcc] ==> ignore
    arg [-plugin-opt=-pass-through=-lgcc_s] ==> ignore
    arg [--sysroot=/] ==> ignore
    arg [--build-id] ==> ignore
    arg [--eh-frame-hdr] ==> ignore
    arg [-m] ==> ignore
    arg [elf_x86_64] ==> ignore
    arg [--hash-style=gnu] ==> ignore
    arg [--as-needed] ==> ignore
    arg [-export-dynamic] ==> ignore
    arg [-dynamic-linker] ==> ignore
    arg [/lib64/ld-linux-x86-64.so.2] ==> ignore
    arg [-zrelro] ==> ignore
    arg [-o] ==> ignore
    arg [cmTC_f94fb] ==> ignore
    arg [/usr/lib/gcc/x86_64-linux-gnu/5/../../../x86_64-linux-gnu/crt1.o] ==> ignore
    arg [/usr/lib/gcc/x86_64-linux-gnu/5/../../../x86_64-linux-gnu/crti.o] ==> ignore
    arg [/usr/lib/gcc/x86_64-linux-gnu/5/crtbegin.o] ==> ignore
    arg [-L/usr/local/lib/../lib] ==> dir [/usr/local/lib/../lib]
    arg [-L/opt/5g/nng/lib/../lib] ==> dir [/opt/5g/nng/lib/../lib]
    arg [-L/opt/5g/nanomsg/lib/../lib] ==> dir [/opt/5g/nanomsg/lib/../lib]
    arg [-L/usr/lib/gcc/x86_64-linux-gnu/5] ==> dir [/usr/lib/gcc/x86_64-linux-gnu/5]
    arg [-L/usr/lib/gcc/x86_64-linux-gnu/5/../../../x86_64-linux-gnu] ==> dir [/usr/lib/gcc/x86_64-linux-gnu/5/../../../x86_64-linux-gnu]
    arg [-L/usr/lib/gcc/x86_64-linux-gnu/5/../../../../lib] ==> dir [/usr/lib/gcc/x86_64-linux-gnu/5/../../../../lib]
    arg [-L/lib/x86_64-linux-gnu] ==> dir [/lib/x86_64-linux-gnu]
    arg [-L/lib/../lib] ==> dir [/lib/../lib]
    arg [-L/usr/lib/x86_64-linux-gnu] ==> dir [/usr/lib/x86_64-linux-gnu]
    arg [-L/usr/lib/../lib] ==> dir [/usr/lib/../lib]
    arg [-L.] ==> ignore
    arg [-L/usr/local/lib] ==> dir [/usr/local/lib]
    arg [-L/opt/5g/nng/lib] ==> dir [/opt/5g/nng/lib]
    arg [-L/opt/5g/uta] ==> dir [/opt/5g/uta]
    arg [-L/opt/5g/nanomsg/lib] ==> dir [/opt/5g/nanomsg/lib]
    arg [-L/usr/lib/gcc/x86_64-linux-gnu/5/../../..] ==> dir [/usr/lib/gcc/x86_64-linux-gnu/5/../../..]
    arg [CMakeFiles/cmTC_f94fb.dir/CMakeCCompilerABI.c.o] ==> ignore
    arg [-lgcc] ==> lib [gcc]
    arg [--as-needed] ==> ignore
    arg [-lgcc_s] ==> lib [gcc_s]
    arg [--no-as-needed] ==> ignore
    arg [-lc] ==> lib [c]
    arg [-lgcc] ==> lib [gcc]
    arg [--as-needed] ==> ignore
    arg [-lgcc_s] ==> lib [gcc_s]
    arg [--no-as-needed] ==> ignore
    arg [/usr/lib/gcc/x86_64-linux-gnu/5/crtend.o] ==> ignore
    arg [/usr/lib/gcc/x86_64-linux-gnu/5/../../../x86_64-linux-gnu/crtn.o] ==> ignore
  remove lib [gcc]
  remove lib [gcc_s]
  remove lib [gcc]
  remove lib [gcc_s]
  collapse library dir [/usr/local/lib/../lib] ==> [/usr/local/lib]
  collapse library dir [/opt/5g/nng/lib/../lib] ==> [/opt/5g/nng/lib]
  collapse library dir [/opt/5g/nanomsg/lib/../lib] ==> [/opt/5g/nanomsg/lib]
  collapse library dir [/usr/lib/gcc/x86_64-linux-gnu/5] ==> [/usr/lib/gcc/x86_64-linux-gnu/5]
  collapse library dir [/usr/lib/gcc/x86_64-linux-gnu/5/../../../x86_64-linux-gnu] ==> [/usr/lib/x86_64-linux-gnu]
  collapse library dir [/usr/lib/gcc/x86_64-linux-gnu/5/../../../../lib] ==> [/usr/lib]
  collapse library dir [/lib/x86_64-linux-gnu] ==> [/lib/x86_64-linux-gnu]
  collapse library dir [/lib/../lib] ==> [/lib]
  collapse library dir [/usr/lib/x86_64-linux-gnu] ==> [/usr/lib/x86_64-linux-gnu]
  collapse library dir [/usr/lib/../lib] ==> [/usr/lib]
  collapse library dir [/usr/local/lib] ==> [/usr/local/lib]
  collapse library dir [/opt/5g/nng/lib] ==> [/opt/5g/nng/lib]
  collapse library dir [/opt/5g/uta] ==> [/opt/5g/uta]
  collapse library dir [/opt/5g/nanomsg/lib] ==> [/opt/5g/nanomsg/lib]
  collapse library dir [/usr/lib/gcc/x86_64-linux-gnu/5/../../..] ==> [/usr/lib]
  implicit libs: [c]
  implicit dirs: [/usr/local/lib;/opt/5g/nng/lib;/opt/5g/nanomsg/lib;/usr/lib/gcc/x86_64-linux-gnu/5;/usr/lib/x86_64-linux-gnu;/usr/lib;/lib/x86_64-linux-gnu;/lib;/opt/5g/uta]
  implicit fwks: []




Detecting C [-std=c11] compiler features compiled with the following output:
Change Dir: /home/asridharan/projects/ric-co/ric-plt/lib/rmr/build/nanomsg-prefix/src/nanomsg-build/CMakeFiles/CMakeTmp

Run Build Command:"/usr/bin/make" "cmTC_b5fca/fast"
make[3]: Entering directory '/home/asridharan/projects/ric-co/ric-plt/lib/rmr/build/nanomsg-prefix/src/nanomsg-build/CMakeFiles/CMakeTmp'
/usr/bin/make -f CMakeFiles/cmTC_b5fca.dir/build.make CMakeFiles/cmTC_b5fca.dir/build
make[4]: Entering directory '/home/asridharan/projects/ric-co/ric-plt/lib/rmr/build/nanomsg-prefix/src/nanomsg-build/CMakeFiles/CMakeTmp'
Building C object CMakeFiles/cmTC_b5fca.dir/feature_tests.c.o
/usr/bin/cc    -std=c11 -o CMakeFiles/cmTC_b5fca.dir/feature_tests.c.o   -c /home/asridharan/projects/ric-co/ric-plt/lib/rmr/build/nanomsg-prefix/src/nanomsg-build/CMakeFiles/feature_tests.c
Linking C executable cmTC_b5fca
/usr/bin/cmake -E cmake_link_script CMakeFiles/cmTC_b5fca.dir/link.txt --verbose=1
/usr/bin/cc       CMakeFiles/cmTC_b5fca.dir/feature_tests.c.o  -o cmTC_b5fca -rdynamic 
make[4]: Leaving directory '/home/asridharan/projects/ric-co/ric-plt/lib/rmr/build/nanomsg-prefix/src/nanomsg-build/CMakeFiles/CMakeTmp'
make[3]: Leaving directory '/home/asridharan/projects/ric-co/ric-plt/lib/rmr/build/nanomsg-prefix/src/nanomsg-build/CMakeFiles/CMakeTmp'


    Feature record: C_FEATURE:1c_function_prototypes
    Feature record: C_FEATURE:1c_restrict
    Feature record: C_FEATURE:1c_static_assert
    Feature record: C_FEATURE:1c_variadic_macros


Detecting C [-std=c99] compiler features compiled with the following output:
Change Dir: /home/asridharan/projects/ric-co/ric-plt/lib/rmr/build/nanomsg-prefix/src/nanomsg-build/CMakeFiles/CMakeTmp

Run Build Command:"/usr/bin/make" "cmTC_f1a82/fast"
make[3]: Entering directory '/home/asridharan/projects/ric-co/ric-plt/lib/rmr/build/nanomsg-prefix/src/nanomsg-build/CMakeFiles/CMakeTmp'
/usr/bin/make -f CMakeFiles/cmTC_f1a82.dir/build.make CMakeFiles/cmTC_f1a82.dir/build
make[4]: Entering directory '/home/asridharan/projects/ric-co/ric-plt/lib/rmr/build/nanomsg-prefix/src/nanomsg-build/CMakeFiles/CMakeTmp'
Building C object CMakeFiles/cmTC_f1a82.dir/feature_tests.c.o
/usr/bin/cc    -std=c99 -o CMakeFiles/cmTC_f1a82.dir/feature_tests.c.o   -c /home/asridharan/projects/ric-co/ric-plt/lib/rmr/build/nanomsg-prefix/src/nanomsg-build/CMakeFiles/feature_tests.c
Linking C executable cmTC_f1a82
/usr/bin/cmake -E cmake_link_script CMakeFiles/cmTC_f1a82.dir/link.txt --verbose=1
/usr/bin/cc       CMakeFiles/cmTC_f1a82.dir/feature_tests.c.o  -o cmTC_f1a82 -rdynamic 
make[4]: Leaving directory '/home/asridharan/projects/ric-co/ric-plt/lib/rmr/build/nanomsg-prefix/src/nanomsg-build/CMakeFiles/CMakeTmp'
make[3]: Leaving directory '/home/asridharan/projects/ric-co/ric-plt/lib/rmr/build/nanomsg-prefix/src/nanomsg-build/CMakeFiles/CMakeTmp'


    Feature record: C_FEATURE:1c_function_prototypes
    Feature record: C_FEATURE:1c_restrict
    Feature record: C_FEATURE:0c_static_assert
    Feature record: C_FEATURE:1c_variadic_macros


Detecting C [-std=c90] compiler features compiled with the following output:
Change Dir: /home/asridharan/projects/ric-co/ric-plt/lib/rmr/build/nanomsg-prefix/src/nanomsg-build/CMakeFiles/CMakeTmp

Run Build Command:"/usr/bin/make" "cmTC_095d8/fast"
make[3]: Entering directory '/home/asridharan/projects/ric-co/ric-plt/lib/rmr/build/nanomsg-prefix/src/nanomsg-build/CMakeFiles/CMakeTmp'
/usr/bin/make -f CMakeFiles/cmTC_095d8.dir/build.make CMakeFiles/cmTC_095d8.dir/build
make[4]: Entering directory '/home/asridharan/projects/ric-co/ric-plt/lib/rmr/build/nanomsg-prefix/src/nanomsg-build/CMakeFiles/CMakeTmp'
Building C object CMakeFiles/cmTC_095d8.dir/feature_tests.c.o
/usr/bin/cc    -std=c90 -o CMakeFiles/cmTC_095d8.dir/feature_tests.c.o   -c /home/asridharan/projects/ric-co/ric-plt/lib/rmr/build/nanomsg-prefix/src/nanomsg-build/CMakeFiles/feature_tests.c
Linking C executable cmTC_095d8
/usr/bin/cmake -E cmake_link_script CMakeFiles/cmTC_095d8.dir/link.txt --verbose=1
/usr/bin/cc       CMakeFiles/cmTC_095d8.dir/feature_tests.c.o  -o cmTC_095d8 -rdynamic 
make[4]: Leaving directory '/home/asridharan/projects/ric-co/ric-plt/lib/rmr/build/nanomsg-prefix/src/nanomsg-build/CMakeFiles/CMakeTmp'
make[3]: Leaving directory '/home/asridharan/projects/ric-co/ric-plt/lib/rmr/build/nanomsg-prefix/src/nanomsg-build/CMakeFiles/CMakeTmp'


    Feature record: C_FEATURE:1c_function_prototypes
    Feature record: C_FEATURE:0c_restrict
    Feature record: C_FEATURE:0c_static_assert
    Feature record: C_FEATURE:0c_variadic_macros
Determining if the include file pthread.h exists passed with the following output:
Change Dir: /home/asridharan/projects/ric-co/ric-plt/lib/rmr/build/nanomsg-prefix/src/nanomsg-build/CMakeFiles/CMakeTmp

Run Build Command:"/usr/bin/make" "cmTC_4280e/fast"
make[3]: Entering directory '/home/asridharan/projects/ric-co/ric-plt/lib/rmr/build/nanomsg-prefix/src/nanomsg-build/CMakeFiles/CMakeTmp'
/usr/bin/make -f CMakeFiles/cmTC_4280e.dir/build.make CMakeFiles/cmTC_4280e.dir/build
make[4]: Entering directory '/home/asridharan/projects/ric-co/ric-plt/lib/rmr/build/nanomsg-prefix/src/nanomsg-build/CMakeFiles/CMakeTmp'
Building C object CMakeFiles/cmTC_4280e.dir/CheckIncludeFile.c.o
/usr/bin/cc    -Wall -Wextra     -o CMakeFiles/cmTC_4280e.dir/CheckIncludeFile.c.o   -c /home/asridharan/projects/ric-co/ric-plt/lib/rmr/build/nanomsg-prefix/src/nanomsg-build/CMakeFiles/CMakeTmp/CheckIncludeFile.c
Linking C executable cmTC_4280e
/usr/bin/cmake -E cmake_link_script CMakeFiles/cmTC_4280e.dir/link.txt --verbose=1
/usr/bin/cc   -Wall -Wextra      CMakeFiles/cmTC_4280e.dir/CheckIncludeFile.c.o  -o cmTC_4280e -rdynamic 
make[4]: Leaving directory '/home/asridharan/projects/ric-co/ric-plt/lib/rmr/build/nanomsg-prefix/src/nanomsg-build/CMakeFiles/CMakeTmp'
make[3]: Leaving directory '/home/asridharan/projects/ric-co/ric-plt/lib/rmr/build/nanomsg-prefix/src/nanomsg-build/CMakeFiles/CMakeTmp'


Determining if the function pthread_create exists in the pthread passed with the following output:
Change Dir: /home/asridharan/projects/ric-co/ric-plt/lib/rmr/build/nanomsg-prefix/src/nanomsg-build/CMakeFiles/CMakeTmp

Run Build Command:"/usr/bin/make" "cmTC_a839c/fast"
make[3]: Entering directory '/home/asridharan/projects/ric-co/ric-plt/lib/rmr/build/nanomsg-prefix/src/nanomsg-build/CMakeFiles/CMakeTmp'
/usr/bin/make -f CMakeFiles/cmTC_a839c.dir/build.make CMakeFiles/cmTC_a839c.dir/build
make[4]: Entering directory '/home/asridharan/projects/ric-co/ric-plt/lib/rmr/build/nanomsg-prefix/src/nanomsg-build/CMakeFiles/CMakeTmp'
Building C object CMakeFiles/cmTC_a839c.dir/CheckFunctionExists.c.o
/usr/bin/cc    -Wall -Wextra  -DCHECK_FUNCTION_EXISTS=pthread_create   -o CMakeFiles/cmTC_a839c.dir/CheckFunctionExists.c.o   -c /usr/share/cmake-3.5/Modules/CheckFunctionExists.c
Linking C executable cmTC_a839c
/usr/bin/cmake -E cmake_link_script CMakeFiles/cmTC_a839c.dir/link.txt --verbose=1
/usr/bin/cc   -Wall -Wextra  -DCHECK_FUNCTION_EXISTS=pthread_create    CMakeFiles/cmTC_a839c.dir/CheckFunctionExists.c.o  -o cmTC_a839c -rdynamic -lpthread 
make[4]: Leaving directory '/home/asridharan/projects/ric-co/ric-plt/lib/rmr/build/nanomsg-prefix/src/nanomsg-build/CMakeFiles/CMakeTmp'
make[3]: Leaving directory '/home/asridharan/projects/ric-co/ric-plt/lib/rmr/build/nanomsg-prefix/src/nanomsg-build/CMakeFiles/CMakeTmp'


Determining if the function socketpair exists passed with the following output:
Change Dir: /home/asridharan/projects/ric-co/ric-plt/lib/rmr/build/nanomsg-prefix/src/nanomsg-build/CMakeFiles/CMakeTmp

Run Build Command:"/usr/bin/make" "cmTC_2864a/fast"
make[3]: Entering directory '/home/asridharan/projects/ric-co/ric-plt/lib/rmr/build/nanomsg-prefix/src/nanomsg-build/CMakeFiles/CMakeTmp'
/usr/bin/make -f CMakeFiles/cmTC_2864a.dir/build.make CMakeFiles/cmTC_2864a.dir/build
make[4]: Entering directory '/home/asridharan/projects/ric-co/ric-plt/lib/rmr/build/nanomsg-prefix/src/nanomsg-build/CMakeFiles/CMakeTmp'
Building C object CMakeFiles/cmTC_2864a.dir/CheckFunctionExists.c.o
/usr/bin/cc    -Wall -Wextra  -DCHECK_FUNCTION_EXISTS=socketpair   -o CMakeFiles/cmTC_2864a.dir/CheckFunctionExists.c.o   -c /usr/share/cmake-3.5/Modules/CheckFunctionExists.c
Linking C executable cmTC_2864a
/usr/bin/cmake -E cmake_link_script CMakeFiles/cmTC_2864a.dir/link.txt --verbose=1
/usr/bin/cc   -Wall -Wextra  -DCHECK_FUNCTION_EXISTS=socketpair    CMakeFiles/cmTC_2864a.dir/CheckFunctionExists.c.o  -o cmTC_2864a -rdynamic 
make[4]: Leaving directory '/home/asridharan/projects/ric-co/ric-plt/lib/rmr/build/nanomsg-prefix/src/nanomsg-build/CMakeFiles/CMakeTmp'
make[3]: Leaving directory '/home/asridharan/projects/ric-co/ric-plt/lib/rmr/build/nanomsg-prefix/src/nanomsg-build/CMakeFiles/CMakeTmp'


Determining if the function eventfd exists passed with the following output:
Change Dir: /home/asridharan/projects/ric-co/ric-plt/lib/rmr/build/nanomsg-prefix/src/nanomsg-build/CMakeFiles/CMakeTmp

Run Build Command:"/usr/bin/make" "cmTC_1b90d/fast"
make[3]: Entering directory '/home/asridharan/projects/ric-co/ric-plt/lib/rmr/build/nanomsg-prefix/src/nanomsg-build/CMakeFiles/CMakeTmp'
/usr/bin/make -f CMakeFiles/cmTC_1b90d.dir/build.make CMakeFiles/cmTC_1b90d.dir/build
make[4]: Entering directory '/home/asridharan/projects/ric-co/ric-plt/lib/rmr/build/nanomsg-prefix/src/nanomsg-build/CMakeFiles/CMakeTmp'
Building C object CMakeFiles/cmTC_1b90d.dir/CheckFunctionExists.c.o
/usr/bin/cc    -Wall -Wextra  -DCHECK_FUNCTION_EXISTS=eventfd   -o CMakeFiles/cmTC_1b90d.dir/CheckFunctionExists.c.o   -c /usr/share/cmake-3.5/Modules/CheckFunctionExists.c
Linking C executable cmTC_1b90d
/usr/bin/cmake -E cmake_link_script CMakeFiles/cmTC_1b90d.dir/link.txt --verbose=1
/usr/bin/cc   -Wall -Wextra  -DCHECK_FUNCTION_EXISTS=eventfd    CMakeFiles/cmTC_1b90d.dir/CheckFunctionExists.c.o  -o cmTC_1b90d -rdynamic 
make[4]: Leaving directory '/home/asridharan/projects/ric-co/ric-plt/lib/rmr/build/nanomsg-prefix/src/nanomsg-build/CMakeFiles/CMakeTmp'
make[3]: Leaving directory '/home/asridharan/projects/ric-co/ric-plt/lib/rmr/build/nanomsg-prefix/src/nanomsg-build/CMakeFiles/CMakeTmp'


Determining if the function pipe exists passed with the following output:
Change Dir: /home/asridharan/projects/ric-co/ric-plt/lib/rmr/build/nanomsg-prefix/src/nanomsg-build/CMakeFiles/CMakeTmp

Run Build Command:"/usr/bin/make" "cmTC_dcc7a/fast"
make[3]: Entering directory '/home/asridharan/projects/ric-co/ric-plt/lib/rmr/build/nanomsg-prefix/src/nanomsg-build/CMakeFiles/CMakeTmp'
/usr/bin/make -f CMakeFiles/cmTC_dcc7a.dir/build.make CMakeFiles/cmTC_dcc7a.dir/build
make[4]: Entering directory '/home/asridharan/projects/ric-co/ric-plt/lib/rmr/build/nanomsg-prefix/src/nanomsg-build/CMakeFiles/CMakeTmp'
Building C object CMakeFiles/cmTC_dcc7a.dir/CheckFunctionExists.c.o
/usr/bin/cc    -Wall -Wextra  -DCHECK_FUNCTION_EXISTS=pipe   -o CMakeFiles/cmTC_dcc7a.dir/CheckFunctionExists.c.o   -c /usr/share/cmake-3.5/Modules/CheckFunctionExists.c
Linking C executable cmTC_dcc7a
/usr/bin/cmake -E cmake_link_script CMakeFiles/cmTC_dcc7a.dir/link.txt --verbose=1
/usr/bin/cc   -Wall -Wextra  -DCHECK_FUNCTION_EXISTS=pipe    CMakeFiles/cmTC_dcc7a.dir/CheckFunctionExists.c.o  -o cmTC_dcc7a -rdynamic 
make[4]: Leaving directory '/home/asridharan/projects/ric-co/ric-plt/lib/rmr/build/nanomsg-prefix/src/nanomsg-build/CMakeFiles/CMakeTmp'
make[3]: Leaving directory '/home/asridharan/projects/ric-co/ric-plt/lib/rmr/build/nanomsg-prefix/src/nanomsg-build/CMakeFiles/CMakeTmp'


Determining if the function pipe2 exists passed with the following output:
Change Dir: /home/asridharan/projects/ric-co/ric-plt/lib/rmr/build/nanomsg-prefix/src/nanomsg-build/CMakeFiles/CMakeTmp

Run Build Command:"/usr/bin/make" "cmTC_cd265/fast"
make[3]: Entering directory '/home/asridharan/projects/ric-co/ric-plt/lib/rmr/build/nanomsg-prefix/src/nanomsg-build/CMakeFiles/CMakeTmp'
/usr/bin/make -f CMakeFiles/cmTC_cd265.dir/build.make CMakeFiles/cmTC_cd265.dir/build
make[4]: Entering directory '/home/asridharan/projects/ric-co/ric-plt/lib/rmr/build/nanomsg-prefix/src/nanomsg-build/CMakeFiles/CMakeTmp'
Building C object CMakeFiles/cmTC_cd265.dir/CheckFunctionExists.c.o
/usr/bin/cc    -Wall -Wextra  -DCHECK_FUNCTION_EXISTS=pipe2   -o CMakeFiles/cmTC_cd265.dir/CheckFunctionExists.c.o   -c /usr/share/cmake-3.5/Modules/CheckFunctionExists.c
Linking C executable cmTC_cd265
/usr/bin/cmake -E cmake_link_script CMakeFiles/cmTC_cd265.dir/link.txt --verbose=1
/usr/bin/cc   -Wall -Wextra  -DCHECK_FUNCTION_EXISTS=pipe2    CMakeFiles/cmTC_cd265.dir/CheckFunctionExists.c.o  -o cmTC_cd265 -rdynamic 
make[4]: Leaving directory '/home/asridharan/projects/ric-co/ric-plt/lib/rmr/build/nanomsg-prefix/src/nanomsg-build/CMakeFiles/CMakeTmp'
make[3]: Leaving directory '/home/asridharan/projects/ric-co/ric-plt/lib/rmr/build/nanomsg-prefix/src/nanomsg-build/CMakeFiles/CMakeTmp'


Determining if the function accept4 exists passed with the following output:
Change Dir: /home/asridharan/projects/ric-co/ric-plt/lib/rmr/build/nanomsg-prefix/src/nanomsg-build/CMakeFiles/CMakeTmp

Run Build Command:"/usr/bin/make" "cmTC_f246f/fast"
make[3]: Entering directory '/home/asridharan/projects/ric-co/ric-plt/lib/rmr/build/nanomsg-prefix/src/nanomsg-build/CMakeFiles/CMakeTmp'
/usr/bin/make -f CMakeFiles/cmTC_f246f.dir/build.make CMakeFiles/cmTC_f246f.dir/build
make[4]: Entering directory '/home/asridharan/projects/ric-co/ric-plt/lib/rmr/build/nanomsg-prefix/src/nanomsg-build/CMakeFiles/CMakeTmp'
Building C object CMakeFiles/cmTC_f246f.dir/CheckFunctionExists.c.o
/usr/bin/cc    -Wall -Wextra  -DCHECK_FUNCTION_EXISTS=accept4   -o CMakeFiles/cmTC_f246f.dir/CheckFunctionExists.c.o   -c /usr/share/cmake-3.5/Modules/CheckFunctionExists.c
Linking C executable cmTC_f246f
/usr/bin/cmake -E cmake_link_script CMakeFiles/cmTC_f246f.dir/link.txt --verbose=1
/usr/bin/cc   -Wall -Wextra  -DCHECK_FUNCTION_EXISTS=accept4    CMakeFiles/cmTC_f246f.dir/CheckFunctionExists.c.o  -o cmTC_f246f -rdynamic 
make[4]: Leaving directory '/home/asridharan/projects/ric-co/ric-plt/lib/rmr/build/nanomsg-prefix/src/nanomsg-build/CMakeFiles/CMakeTmp'
make[3]: Leaving directory '/home/asridharan/projects/ric-co/ric-plt/lib/rmr/build/nanomsg-prefix/src/nanomsg-build/CMakeFiles/CMakeTmp'


Determining if the function epoll_create exists passed with the following output:
Change Dir: /home/asridharan/projects/ric-co/ric-plt/lib/rmr/build/nanomsg-prefix/src/nanomsg-build/CMakeFiles/CMakeTmp

Run Build Command:"/usr/bin/make" "cmTC_74ed3/fast"
make[3]: Entering directory '/home/asridharan/projects/ric-co/ric-plt/lib/rmr/build/nanomsg-prefix/src/nanomsg-build/CMakeFiles/CMakeTmp'
/usr/bin/make -f CMakeFiles/cmTC_74ed3.dir/build.make CMakeFiles/cmTC_74ed3.dir/build
make[4]: Entering directory '/home/asridharan/projects/ric-co/ric-plt/lib/rmr/build/nanomsg-prefix/src/nanomsg-build/CMakeFiles/CMakeTmp'
Building C object CMakeFiles/cmTC_74ed3.dir/CheckFunctionExists.c.o
/usr/bin/cc    -Wall -Wextra  -DCHECK_FUNCTION_EXISTS=epoll_create   -o CMakeFiles/cmTC_74ed3.dir/CheckFunctionExists.c.o   -c /usr/share/cmake-3.5/Modules/CheckFunctionExists.c
Linking C executable cmTC_74ed3
/usr/bin/cmake -E cmake_link_script CMakeFiles/cmTC_74ed3.dir/link.txt --verbose=1
/usr/bin/cc   -Wall -Wextra  -DCHECK_FUNCTION_EXISTS=epoll_create    CMakeFiles/cmTC_74ed3.dir/CheckFunctionExists.c.o  -o cmTC_74ed3 -rdynamic 
make[4]: Leaving directory '/home/asridharan/projects/ric-co/ric-plt/lib/rmr/build/nanomsg-prefix/src/nanomsg-build/CMakeFiles/CMakeTmp'
make[3]: Leaving directory '/home/asridharan/projects/ric-co/ric-plt/lib/rmr/build/nanomsg-prefix/src/nanomsg-build/CMakeFiles/CMakeTmp'


Determining if the function poll exists passed with the following output:
Change Dir: /home/asridharan/projects/ric-co/ric-plt/lib/rmr/build/nanomsg-prefix/src/nanomsg-build/CMakeFiles/CMakeTmp

Run Build Command:"/usr/bin/make" "cmTC_f6a9d/fast"
make[3]: Entering directory '/home/asridharan/projects/ric-co/ric-plt/lib/rmr/build/nanomsg-prefix/src/nanomsg-build/CMakeFiles/CMakeTmp'
/usr/bin/make -f CMakeFiles/cmTC_f6a9d.dir/build.make CMakeFiles/cmTC_f6a9d.dir/build
make[4]: Entering directory '/home/asridharan/projects/ric-co/ric-plt/lib/rmr/build/nanomsg-prefix/src/nanomsg-build/CMakeFiles/CMakeTmp'
Building C object CMakeFiles/cmTC_f6a9d.dir/CheckFunctionExists.c.o
/usr/bin/cc    -Wall -Wextra  -DCHECK_FUNCTION_EXISTS=poll   -o CMakeFiles/cmTC_f6a9d.dir/CheckFunctionExists.c.o   -c /usr/share/cmake-3.5/Modules/CheckFunctionExists.c
Linking C executable cmTC_f6a9d
/usr/bin/cmake -E cmake_link_script CMakeFiles/cmTC_f6a9d.dir/link.txt --verbose=1
/usr/bin/cc   -Wall -Wextra  -DCHECK_FUNCTION_EXISTS=poll    CMakeFiles/cmTC_f6a9d.dir/CheckFunctionExists.c.o  -o cmTC_f6a9d -rdynamic 
make[4]: Leaving directory '/home/asridharan/projects/ric-co/ric-plt/lib/rmr/build/nanomsg-prefix/src/nanomsg-build/CMakeFiles/CMakeTmp'
make[3]: Leaving directory '/home/asridharan/projects/ric-co/ric-plt/lib/rmr/build/nanomsg-prefix/src/nanomsg-build/CMakeFiles/CMakeTmp'


Determining if the function getaddrinfo_a exists in the anl passed with the following output:
Change Dir: /home/asridharan/projects/ric-co/ric-plt/lib/rmr/build/nanomsg-prefix/src/nanomsg-build/CMakeFiles/CMakeTmp

Run Build Command:"/usr/bin/make" "cmTC_a1245/fast"
make[3]: Entering directory '/home/asridharan/projects/ric-co/ric-plt/lib/rmr/build/nanomsg-prefix/src/nanomsg-build/CMakeFiles/CMakeTmp'
/usr/bin/make -f CMakeFiles/cmTC_a1245.dir/build.make CMakeFiles/cmTC_a1245.dir/build
make[4]: Entering directory '/home/asridharan/projects/ric-co/ric-plt/lib/rmr/build/nanomsg-prefix/src/nanomsg-build/CMakeFiles/CMakeTmp'
Building C object CMakeFiles/cmTC_a1245.dir/CheckFunctionExists.c.o
/usr/bin/cc    -Wall -Wextra  -DCHECK_FUNCTION_EXISTS=getaddrinfo_a   -o CMakeFiles/cmTC_a1245.dir/CheckFunctionExists.c.o   -c /usr/share/cmake-3.5/Modules/CheckFunctionExists.c
Linking C executable cmTC_a1245
/usr/bin/cmake -E cmake_link_script CMakeFiles/cmTC_a1245.dir/link.txt --verbose=1
/usr/bin/cc   -Wall -Wextra  -DCHECK_FUNCTION_EXISTS=getaddrinfo_a    CMakeFiles/cmTC_a1245.dir/CheckFunctionExists.c.o  -o cmTC_a1245 -rdynamic -lanl 
make[4]: Leaving directory '/home/asridharan/projects/ric-co/ric-plt/lib/rmr/build/nanomsg-prefix/src/nanomsg-build/CMakeFiles/CMakeTmp'
make[3]: Leaving directory '/home/asridharan/projects/ric-co/ric-plt/lib/rmr/build/nanomsg-prefix/src/nanomsg-build/CMakeFiles/CMakeTmp'


Determining if the function clock_gettime exists in the rt passed with the following output:
Change Dir: /home/asridharan/projects/ric-co/ric-plt/lib/rmr/build/nanomsg-prefix/src/nanomsg-build/CMakeFiles/CMakeTmp

Run Build Command:"/usr/bin/make" "cmTC_46460/fast"
make[3]: Entering directory '/home/asridharan/projects/ric-co/ric-plt/lib/rmr/build/nanomsg-prefix/src/nanomsg-build/CMakeFiles/CMakeTmp'
/usr/bin/make -f CMakeFiles/cmTC_46460.dir/build.make CMakeFiles/cmTC_46460.dir/build
make[4]: Entering directory '/home/asridharan/projects/ric-co/ric-plt/lib/rmr/build/nanomsg-prefix/src/nanomsg-build/CMakeFiles/CMakeTmp'
Building C object CMakeFiles/cmTC_46460.dir/CheckFunctionExists.c.o
/usr/bin/cc    -Wall -Wextra  -DCHECK_FUNCTION_EXISTS=clock_gettime   -o CMakeFiles/cmTC_46460.dir/CheckFunctionExists.c.o   -c /usr/share/cmake-3.5/Modules/CheckFunctionExists.c
Linking C executable cmTC_46460
/usr/bin/cmake -E cmake_link_script CMakeFiles/cmTC_46460.dir/link.txt --verbose=1
/usr/bin/cc   -Wall -Wextra  -DCHECK_FUNCTION_EXISTS=clock_gettime    CMakeFiles/cmTC_46460.dir/CheckFunctionExists.c.o  -o cmTC_46460 -rdynamic -lrt 
make[4]: Leaving directory '/home/asridharan/projects/ric-co/ric-plt/lib/rmr/build/nanomsg-prefix/src/nanomsg-build/CMakeFiles/CMakeTmp'
make[3]: Leaving directory '/home/asridharan/projects/ric-co/ric-plt/lib/rmr/build/nanomsg-prefix/src/nanomsg-build/CMakeFiles/CMakeTmp'


Determining if the function sem_wait exists in the pthread passed with the following output:
Change Dir: /home/asridharan/projects/ric-co/ric-plt/lib/rmr/build/nanomsg-prefix/src/nanomsg-build/CMakeFiles/CMakeTmp

Run Build Command:"/usr/bin/make" "cmTC_e29f2/fast"
make[3]: Entering directory '/home/asridharan/projects/ric-co/ric-plt/lib/rmr/build/nanomsg-prefix/src/nanomsg-build/CMakeFiles/CMakeTmp'
/usr/bin/make -f CMakeFiles/cmTC_e29f2.dir/build.make CMakeFiles/cmTC_e29f2.dir/build
make[4]: Entering directory '/home/asridharan/projects/ric-co/ric-plt/lib/rmr/build/nanomsg-prefix/src/nanomsg-build/CMakeFiles/CMakeTmp'
Building C object CMakeFiles/cmTC_e29f2.dir/CheckFunctionExists.c.o
/usr/bin/cc    -Wall -Wextra  -DCHECK_FUNCTION_EXISTS=sem_wait   -o CMakeFiles/cmTC_e29f2.dir/CheckFunctionExists.c.o   -c /usr/share/cmake-3.5/Modules/CheckFunctionExists.c
Linking C executable cmTC_e29f2
/usr/bin/cmake -E cmake_link_script CMakeFiles/cmTC_e29f2.dir/link.txt --verbose=1
/usr/bin/cc   -Wall -Wextra  -DCHECK_FUNCTION_EXISTS=sem_wait    CMakeFiles/cmTC_e29f2.dir/CheckFunctionExists.c.o  -o cmTC_e29f2 -rdynamic -lpthread 
make[4]: Leaving directory '/home/asridharan/projects/ric-co/ric-plt/lib/rmr/build/nanomsg-prefix/src/nanomsg-build/CMakeFiles/CMakeTmp'
make[3]: Leaving directory '/home/asridharan/projects/ric-co/ric-plt/lib/rmr/build/nanomsg-prefix/src/nanomsg-build/CMakeFiles/CMakeTmp'


Determining if the function gethostbyname exists in the nsl passed with the following output:
Change Dir: /home/asridharan/projects/ric-co/ric-plt/lib/rmr/build/nanomsg-prefix/src/nanomsg-build/CMakeFiles/CMakeTmp

Run Build Command:"/usr/bin/make" "cmTC_6f9cf/fast"
make[3]: Entering directory '/home/asridharan/projects/ric-co/ric-plt/lib/rmr/build/nanomsg-prefix/src/nanomsg-build/CMakeFiles/CMakeTmp'
/usr/bin/make -f CMakeFiles/cmTC_6f9cf.dir/build.make CMakeFiles/cmTC_6f9cf.dir/build
make[4]: Entering directory '/home/asridharan/projects/ric-co/ric-plt/lib/rmr/build/nanomsg-prefix/src/nanomsg-build/CMakeFiles/CMakeTmp'
Building C object CMakeFiles/cmTC_6f9cf.dir/CheckFunctionExists.c.o
/usr/bin/cc    -Wall -Wextra  -DCHECK_FUNCTION_EXISTS=gethostbyname   -o CMakeFiles/cmTC_6f9cf.dir/CheckFunctionExists.c.o   -c /usr/share/cmake-3.5/Modules/CheckFunctionExists.c
Linking C executable cmTC_6f9cf
/usr/bin/cmake -E cmake_link_script CMakeFiles/cmTC_6f9cf.dir/link.txt --verbose=1
/usr/bin/cc   -Wall -Wextra  -DCHECK_FUNCTION_EXISTS=gethostbyname    CMakeFiles/cmTC_6f9cf.dir/CheckFunctionExists.c.o  -o cmTC_6f9cf -rdynamic -lnsl 
make[4]: Leaving directory '/home/asridharan/projects/ric-co/ric-plt/lib/rmr/build/nanomsg-prefix/src/nanomsg-build/CMakeFiles/CMakeTmp'
make[3]: Leaving directory '/home/asridharan/projects/ric-co/ric-plt/lib/rmr/build/nanomsg-prefix/src/nanomsg-build/CMakeFiles/CMakeTmp'


Determining if the CLOCK_MONOTONIC exist passed with the following output:
Change Dir: /home/asridharan/projects/ric-co/ric-plt/lib/rmr/build/nanomsg-prefix/src/nanomsg-build/CMakeFiles/CMakeTmp

Run Build Command:"/usr/bin/make" "cmTC_07bd8/fast"
make[3]: Entering directory '/home/asridharan/projects/ric-co/ric-plt/lib/rmr/build/nanomsg-prefix/src/nanomsg-build/CMakeFiles/CMakeTmp'
/usr/bin/make -f CMakeFiles/cmTC_07bd8.dir/build.make CMakeFiles/cmTC_07bd8.dir/build
make[4]: Entering directory '/home/asridharan/projects/ric-co/ric-plt/lib/rmr/build/nanomsg-prefix/src/nanomsg-build/CMakeFiles/CMakeTmp'
Building C object CMakeFiles/cmTC_07bd8.dir/CheckSymbolExists.c.o
/usr/bin/cc    -Wall -Wextra     -o CMakeFiles/cmTC_07bd8.dir/CheckSymbolExists.c.o   -c /home/asridharan/projects/ric-co/ric-plt/lib/rmr/build/nanomsg-prefix/src/nanomsg-build/CMakeFiles/CMakeTmp/CheckSymbolExists.c
Linking C executable cmTC_07bd8
/usr/bin/cmake -E cmake_link_script CMakeFiles/cmTC_07bd8.dir/link.txt --verbose=1
/usr/bin/cc   -Wall -Wextra      CMakeFiles/cmTC_07bd8.dir/CheckSymbolExists.c.o  -o cmTC_07bd8 -rdynamic 
make[4]: Leaving directory '/home/asridharan/projects/ric-co/ric-plt/lib/rmr/build/nanomsg-prefix/src/nanomsg-build/CMakeFiles/CMakeTmp'
make[3]: Leaving directory '/home/asridharan/projects/ric-co/ric-plt/lib/rmr/build/nanomsg-prefix/src/nanomsg-build/CMakeFiles/CMakeTmp'

File /home/asridharan/projects/ric-co/ric-plt/lib/rmr/build/nanomsg-prefix/src/nanomsg-build/CMakeFiles/CMakeTmp/CheckSymbolExists.c:
/* */
#include <time.h>

int main(int argc, char** argv)
{
  (void)argv;
#ifndef CLOCK_MONOTONIC
  return ((int*)(&CLOCK_MONOTONIC))[argc];
#else
  (void)argc;
  return 0;
#endif
}

Determining if the AF_UNIX exist passed with the following output:
Change Dir: /home/asridharan/projects/ric-co/ric-plt/lib/rmr/build/nanomsg-prefix/src/nanomsg-build/CMakeFiles/CMakeTmp

Run Build Command:"/usr/bin/make" "cmTC_d63ec/fast"
make[3]: Entering directory '/home/asridharan/projects/ric-co/ric-plt/lib/rmr/build/nanomsg-prefix/src/nanomsg-build/CMakeFiles/CMakeTmp'
/usr/bin/make -f CMakeFiles/cmTC_d63ec.dir/build.make CMakeFiles/cmTC_d63ec.dir/build
make[4]: Entering directory '/home/asridharan/projects/ric-co/ric-plt/lib/rmr/build/nanomsg-prefix/src/nanomsg-build/CMakeFiles/CMakeTmp'
Building C object CMakeFiles/cmTC_d63ec.dir/CheckSymbolExists.c.o
/usr/bin/cc    -Wall -Wextra     -o CMakeFiles/cmTC_d63ec.dir/CheckSymbolExists.c.o   -c /home/asridharan/projects/ric-co/ric-plt/lib/rmr/build/nanomsg-prefix/src/nanomsg-build/CMakeFiles/CMakeTmp/CheckSymbolExists.c
Linking C executable cmTC_d63ec
/usr/bin/cmake -E cmake_link_script CMakeFiles/cmTC_d63ec.dir/link.txt --verbose=1
/usr/bin/cc   -Wall -Wextra      CMakeFiles/cmTC_d63ec.dir/CheckSymbolExists.c.o  -o cmTC_d63ec -rdynamic 
make[4]: Leaving directory '/home/asridharan/projects/ric-co/ric-plt/lib/rmr/build/nanomsg-prefix/src/nanomsg-build/CMakeFiles/CMakeTmp'
make[3]: Leaving directory '/home/asridharan/projects/ric-co/ric-plt/lib/rmr/build/nanomsg-prefix/src/nanomsg-build/CMakeFiles/CMakeTmp'

File /home/asridharan/projects/ric-co/ric-plt/lib/rmr/build/nanomsg-prefix/src/nanomsg-build/CMakeFiles/CMakeTmp/CheckSymbolExists.c:
/* */
#include <sys/socket.h>

int main(int argc, char** argv)
{
  (void)argv;
#ifndef AF_UNIX
  return ((int*)(&AF_UNIX))[argc];
#else
  (void)argc;
  return 0;
#endif
}

Determining if the backtrace_symbols_fd exist passed with the following output:
Change Dir: /home/asridharan/projects/ric-co/ric-plt/lib/rmr/build/nanomsg-prefix/src/nanomsg-build/CMakeFiles/CMakeTmp

Run Build Command:"/usr/bin/make" "cmTC_d0dac/fast"
make[3]: Entering directory '/home/asridharan/projects/ric-co/ric-plt/lib/rmr/build/nanomsg-prefix/src/nanomsg-build/CMakeFiles/CMakeTmp'
/usr/bin/make -f CMakeFiles/cmTC_d0dac.dir/build.make CMakeFiles/cmTC_d0dac.dir/build
make[4]: Entering directory '/home/asridharan/projects/ric-co/ric-plt/lib/rmr/build/nanomsg-prefix/src/nanomsg-build/CMakeFiles/CMakeTmp'
Building C object CMakeFiles/cmTC_d0dac.dir/CheckSymbolExists.c.o
/usr/bin/cc    -Wall -Wextra     -o CMakeFiles/cmTC_d0dac.dir/CheckSymbolExists.c.o   -c /home/asridharan/projects/ric-co/ric-plt/lib/rmr/build/nanomsg-prefix/src/nanomsg-build/CMakeFiles/CMakeTmp/CheckSymbolExists.c
Linking C executable cmTC_d0dac
/usr/bin/cmake -E cmake_link_script CMakeFiles/cmTC_d0dac.dir/link.txt --verbose=1
/usr/bin/cc   -Wall -Wextra      CMakeFiles/cmTC_d0dac.dir/CheckSymbolExists.c.o  -o cmTC_d0dac -rdynamic 
make[4]: Leaving directory '/home/asridharan/projects/ric-co/ric-plt/lib/rmr/build/nanomsg-prefix/src/nanomsg-build/CMakeFiles/CMakeTmp'
make[3]: Leaving directory '/home/asridharan/projects/ric-co/ric-plt/lib/rmr/build/nanomsg-prefix/src/nanomsg-build/CMakeFiles/CMakeTmp'

File /home/asridharan/projects/ric-co/ric-plt/lib/rmr/build/nanomsg-prefix/src/nanomsg-build/CMakeFiles/CMakeTmp/CheckSymbolExists.c:
/* */
#include <execinfo.h>

int main(int argc, char** argv)
{
  (void)argv;
#ifndef backtrace_symbols_fd
  return ((int*)(&backtrace_symbols_fd))[argc];
#else
  (void)argc;
  return 0;
#endif
}

Performing C SOURCE FILE Test NN_HAVE_MSG_CONTROL succeeded with the following output:
Change Dir: /home/asridharan/projects/ric-co/ric-plt/lib/rmr/build/nanomsg-prefix/src/nanomsg-build/CMakeFiles/CMakeTmp

Run Build Command:"/usr/bin/make" "cmTC_f36c7/fast"
make[3]: Entering directory '/home/asridharan/projects/ric-co/ric-plt/lib/rmr/build/nanomsg-prefix/src/nanomsg-build/CMakeFiles/CMakeTmp'
/usr/bin/make -f CMakeFiles/cmTC_f36c7.dir/build.make CMakeFiles/cmTC_f36c7.dir/build
make[4]: Entering directory '/home/asridharan/projects/ric-co/ric-plt/lib/rmr/build/nanomsg-prefix/src/nanomsg-build/CMakeFiles/CMakeTmp'
Building C object CMakeFiles/cmTC_f36c7.dir/src.c.o
/usr/bin/cc    -Wall -Wextra  -DNN_HAVE_MSG_CONTROL   -o CMakeFiles/cmTC_f36c7.dir/src.c.o   -c /home/asridharan/projects/ric-co/ric-plt/lib/rmr/build/nanomsg-prefix/src/nanomsg-build/CMakeFiles/CMakeTmp/src.c
Linking C executable cmTC_f36c7
/usr/bin/cmake -E cmake_link_script CMakeFiles/cmTC_f36c7.dir/link.txt --verbose=1
/usr/bin/cc   -Wall -Wextra  -DNN_HAVE_MSG_CONTROL    CMakeFiles/cmTC_f36c7.dir/src.c.o  -o cmTC_f36c7 -rdynamic 
make[4]: Leaving directory '/home/asridharan/projects/ric-co/ric-plt/lib/rmr/build/nanomsg-prefix/src/nanomsg-build/CMakeFiles/CMakeTmp'
make[3]: Leaving directory '/home/asridharan/projects/ric-co/ric-plt/lib/rmr/build/nanomsg-prefix/src/nanomsg-build/CMakeFiles/CMakeTmp'

Source file was:

#include <sys/socket.h>

int main()
{
   (void)sizeof(((struct msghdr *)0)->msg_control);
   return 0;
}

Performing C SOURCE FILE Test NN_HAVE_GCC_ATOMIC_BUILTINS succeeded with the following output:
Change Dir: /home/asridharan/projects/ric-co/ric-plt/lib/rmr/build/nanomsg-prefix/src/nanomsg-build/CMakeFiles/CMakeTmp

Run Build Command:"/usr/bin/make" "cmTC_eadd9/fast"
make[3]: Entering directory '/home/asridharan/projects/ric-co/ric-plt/lib/rmr/build/nanomsg-prefix/src/nanomsg-build/CMakeFiles/CMakeTmp'
/usr/bin/make -f CMakeFiles/cmTC_eadd9.dir/build.make CMakeFiles/cmTC_eadd9.dir/build
make[4]: Entering directory '/home/asridharan/projects/ric-co/ric-plt/lib/rmr/build/nanomsg-prefix/src/nanomsg-build/CMakeFiles/CMakeTmp'
Building C object CMakeFiles/cmTC_eadd9.dir/src.c.o
/usr/bin/cc    -Wall -Wextra  -DNN_HAVE_GCC_ATOMIC_BUILTINS   -o CMakeFiles/cmTC_eadd9.dir/src.c.o   -c /home/asridharan/projects/ric-co/ric-plt/lib/rmr/build/nanomsg-prefix/src/nanomsg-build/CMakeFiles/CMakeTmp/src.c
Linking C executable cmTC_eadd9
/usr/bin/cmake -E cmake_link_script CMakeFiles/cmTC_eadd9.dir/link.txt --verbose=1
/usr/bin/cc   -Wall -Wextra  -DNN_HAVE_GCC_ATOMIC_BUILTINS    CMakeFiles/cmTC_eadd9.dir/src.c.o  -o cmTC_eadd9 -rdynamic 
make[4]: Leaving directory '/home/asridharan/projects/ric-co/ric-plt/lib/rmr/build/nanomsg-prefix/src/nanomsg-build/CMakeFiles/CMakeTmp'
make[3]: Leaving directory '/home/asridharan/projects/ric-co/ric-plt/lib/rmr/build/nanomsg-prefix/src/nanomsg-build/CMakeFiles/CMakeTmp'

Source file was:

    #include <stdint.h>
    int main()
    {
        volatile uint32_t n = 0;
        __sync_fetch_and_add (&n, 1);
        __sync_fetch_and_sub (&n, 1);
        return 0;
    }

