The system is: Linux - 4.4.0-128-generic - x86_64
Compiling the C compiler identification source file "CMakeCCompilerId.c" succeeded.
Compiler: /usr/bin/cc 
Build flags: 
Id flags: 

The output was:
0


Compilation of the C compiler identification source "CMakeCCompilerId.c" produced "a.out"

The C compiler identification is GNU, found in "/home/asridharan/projects/ric-co/ric-plt/lib/rmr/build/ext_nng-prefix/src/ext_nng-build/CMakeFiles/3.5.1/CompilerIdC/a.out"

Determining if the C compiler works passed with the following output:
Change Dir: /home/asridharan/projects/ric-co/ric-plt/lib/rmr/build/ext_nng-prefix/src/ext_nng-build/CMakeFiles/CMakeTmp

Run Build Command:"/usr/bin/make" "cmTC_19a40/fast"
make[3]: Entering directory '/home/asridharan/projects/ric-co/ric-plt/lib/rmr/build/ext_nng-prefix/src/ext_nng-build/CMakeFiles/CMakeTmp'
/usr/bin/make -f CMakeFiles/cmTC_19a40.dir/build.make CMakeFiles/cmTC_19a40.dir/build
make[4]: Entering directory '/home/asridharan/projects/ric-co/ric-plt/lib/rmr/build/ext_nng-prefix/src/ext_nng-build/CMakeFiles/CMakeTmp'
Building C object CMakeFiles/cmTC_19a40.dir/testCCompiler.c.o
/usr/bin/cc     -o CMakeFiles/cmTC_19a40.dir/testCCompiler.c.o   -c /home/asridharan/projects/ric-co/ric-plt/lib/rmr/build/ext_nng-prefix/src/ext_nng-build/CMakeFiles/CMakeTmp/testCCompiler.c
Linking C executable cmTC_19a40
/usr/bin/cmake -E cmake_link_script CMakeFiles/cmTC_19a40.dir/link.txt --verbose=1
/usr/bin/cc       CMakeFiles/cmTC_19a40.dir/testCCompiler.c.o  -o cmTC_19a40 -rdynamic 
make[4]: Leaving directory '/home/asridharan/projects/ric-co/ric-plt/lib/rmr/build/ext_nng-prefix/src/ext_nng-build/CMakeFiles/CMakeTmp'
make[3]: Leaving directory '/home/asridharan/projects/ric-co/ric-plt/lib/rmr/build/ext_nng-prefix/src/ext_nng-build/CMakeFiles/CMakeTmp'


Detecting C compiler ABI info compiled with the following output:
Change Dir: /home/asridharan/projects/ric-co/ric-plt/lib/rmr/build/ext_nng-prefix/src/ext_nng-build/CMakeFiles/CMakeTmp

Run Build Command:"/usr/bin/make" "cmTC_5fa38/fast"
make[3]: Entering directory '/home/asridharan/projects/ric-co/ric-plt/lib/rmr/build/ext_nng-prefix/src/ext_nng-build/CMakeFiles/CMakeTmp'
/usr/bin/make -f CMakeFiles/cmTC_5fa38.dir/build.make CMakeFiles/cmTC_5fa38.dir/build
make[4]: Entering directory '/home/asridharan/projects/ric-co/ric-plt/lib/rmr/build/ext_nng-prefix/src/ext_nng-build/CMakeFiles/CMakeTmp'
Building C object CMakeFiles/cmTC_5fa38.dir/CMakeCCompilerABI.c.o
/usr/bin/cc     -o CMakeFiles/cmTC_5fa38.dir/CMakeCCompilerABI.c.o   -c /usr/share/cmake-3.5/Modules/CMakeCCompilerABI.c
Linking C executable cmTC_5fa38
/usr/bin/cmake -E cmake_link_script CMakeFiles/cmTC_5fa38.dir/link.txt --verbose=1
/usr/bin/cc      -v CMakeFiles/cmTC_5fa38.dir/CMakeCCompilerABI.c.o  -o cmTC_5fa38 -rdynamic  
Using built-in specs.
COLLECT_GCC=/usr/bin/cc
COLLECT_LTO_WRAPPER=/usr/lib/gcc/x86_64-linux-gnu/5/lto-wrapper
Target: x86_64-linux-gnu
Configured with: ../src/configure -v --with-pkgversion='Ubuntu 5.4.0-6ubuntu1~16.04.11' --with-bugurl=file:///usr/share/doc/gcc-5/README.Bugs --enable-languages=c,ada,c++,java,go,d,fortran,objc,obj-c++ --prefix=/usr --program-suffix=-5 --enable-shared --enable-linker-build-id --libexecdir=/usr/lib --without-included-gettext --enable-threads=posix --libdir=/usr/lib --enable-nls --with-sysroot=/ --enable-clocale=gnu --enable-libstdcxx-debug --enable-libstdcxx-time=yes --with-default-libstdcxx-abi=new --enable-gnu-unique-object --disable-vtable-verify --enable-libmpx --enable-plugin --with-system-zlib --disable-browser-plugin --enable-java-awt=gtk --enable-gtk-cairo --with-java-home=/usr/lib/jvm/java-1.5.0-gcj-5-amd64/jre --enable-java-home --with-jvm-root-dir=/usr/lib/jvm/java-1.5.0-gcj-5-amd64 --with-jvm-jar-dir=/usr/lib/jvm-exports/java-1.5.0-gcj-5-amd64 --with-arch-directory=amd64 --with-ecj-jar=/usr/share/java/eclipse-ecj.jar --enable-objc-gc --enable-multiarch --disable-werror --with-arch-32=i686 --with-abi=m64 --with-multilib-list=m32,m64,mx32 --enable-multilib --with-tune=generic --enable-checking=release --build=x86_64-linux-gnu --host=x86_64-linux-gnu --target=x86_64-linux-gnu
Thread model: posix
gcc version 5.4.0 20160609 (Ubuntu 5.4.0-6ubuntu1~16.04.11) 
COMPILER_PATH=/usr/lib/gcc/x86_64-linux-gnu/5/:/usr/lib/gcc/x86_64-linux-gnu/5/:/usr/lib/gcc/x86_64-linux-gnu/:/usr/lib/gcc/x86_64-linux-gnu/5/:/usr/lib/gcc/x86_64-linux-gnu/
LIBRARY_PATH=/usr/local/lib/../lib/:/opt/5g/nng/lib/../lib/:/opt/5g/nanomsg/lib/../lib/:/usr/lib/gcc/x86_64-linux-gnu/5/:/usr/lib/gcc/x86_64-linux-gnu/5/../../../x86_64-linux-gnu/:/usr/lib/gcc/x86_64-linux-gnu/5/../../../../lib/:/lib/x86_64-linux-gnu/:/lib/../lib/:/usr/lib/x86_64-linux-gnu/:/usr/lib/../lib/:./:/usr/local/lib/:/opt/5g/nng/lib/:/opt/5g/uta/:/opt/5g/nanomsg/lib/:/usr/lib/gcc/x86_64-linux-gnu/5/../../../:/lib/:/usr/lib/
COLLECT_GCC_OPTIONS='-v' '-o' 'cmTC_5fa38' '-rdynamic' '-mtune=generic' '-march=x86-64'
 /usr/lib/gcc/x86_64-linux-gnu/5/collect2 -plugin /usr/lib/gcc/x86_64-linux-gnu/5/liblto_plugin.so -plugin-opt=/usr/lib/gcc/x86_64-linux-gnu/5/lto-wrapper -plugin-opt=-fresolution=/tmp/ccOWoqbb.res -plugin-opt=-pass-through=-lgcc -plugin-opt=-pass-through=-lgcc_s -plugin-opt=-pass-through=-lc -plugin-opt=-pass-through=-lgcc -plugin-opt=-pass-through=-lgcc_s --sysroot=/ --build-id --eh-frame-hdr -m elf_x86_64 --hash-style=gnu --as-needed -export-dynamic -dynamic-linker /lib64/ld-linux-x86-64.so.2 -z relro -o cmTC_5fa38 /usr/lib/gcc/x86_64-linux-gnu/5/../../../x86_64-linux-gnu/crt1.o /usr/lib/gcc/x86_64-linux-gnu/5/../../../x86_64-linux-gnu/crti.o /usr/lib/gcc/x86_64-linux-gnu/5/crtbegin.o -L/usr/local/lib/../lib -L/opt/5g/nng/lib/../lib -L/opt/5g/nanomsg/lib/../lib -L/usr/lib/gcc/x86_64-linux-gnu/5 -L/usr/lib/gcc/x86_64-linux-gnu/5/../../../x86_64-linux-gnu -L/usr/lib/gcc/x86_64-linux-gnu/5/../../../../lib -L/lib/x86_64-linux-gnu -L/lib/../lib -L/usr/lib/x86_64-linux-gnu -L/usr/lib/../lib -L. -L/usr/local/lib -L/opt/5g/nng/lib -L/opt/5g/uta -L/opt/5g/nanomsg/lib -L/usr/lib/gcc/x86_64-linux-gnu/5/../../.. CMakeFiles/cmTC_5fa38.dir/CMakeCCompilerABI.c.o -lgcc --as-needed -lgcc_s --no-as-needed -lc -lgcc --as-needed -lgcc_s --no-as-needed /usr/lib/gcc/x86_64-linux-gnu/5/crtend.o /usr/lib/gcc/x86_64-linux-gnu/5/../../../x86_64-linux-gnu/crtn.o
make[4]: Leaving directory '/home/asridharan/projects/ric-co/ric-plt/lib/rmr/build/ext_nng-prefix/src/ext_nng-build/CMakeFiles/CMakeTmp'
make[3]: Leaving directory '/home/asridharan/projects/ric-co/ric-plt/lib/rmr/build/ext_nng-prefix/src/ext_nng-build/CMakeFiles/CMakeTmp'


Parsed C implicit link information from above output:
  link line regex: [^( *|.*[/\])(ld|([^/\]+-)?ld|collect2)[^/\]*( |$)]
  ignore line: [Change Dir: /home/asridharan/projects/ric-co/ric-plt/lib/rmr/build/ext_nng-prefix/src/ext_nng-build/CMakeFiles/CMakeTmp]
  ignore line: []
  ignore line: [Run Build Command:"/usr/bin/make" "cmTC_5fa38/fast"]
  ignore line: [make[3]: Entering directory '/home/asridharan/projects/ric-co/ric-plt/lib/rmr/build/ext_nng-prefix/src/ext_nng-build/CMakeFiles/CMakeTmp']
  ignore line: [/usr/bin/make -f CMakeFiles/cmTC_5fa38.dir/build.make CMakeFiles/cmTC_5fa38.dir/build]
  ignore line: [make[4]: Entering directory '/home/asridharan/projects/ric-co/ric-plt/lib/rmr/build/ext_nng-prefix/src/ext_nng-build/CMakeFiles/CMakeTmp']
  ignore line: [Building C object CMakeFiles/cmTC_5fa38.dir/CMakeCCompilerABI.c.o]
  ignore line: [/usr/bin/cc     -o CMakeFiles/cmTC_5fa38.dir/CMakeCCompilerABI.c.o   -c /usr/share/cmake-3.5/Modules/CMakeCCompilerABI.c]
  ignore line: [Linking C executable cmTC_5fa38]
  ignore line: [/usr/bin/cmake -E cmake_link_script CMakeFiles/cmTC_5fa38.dir/link.txt --verbose=1]
  ignore line: [/usr/bin/cc      -v CMakeFiles/cmTC_5fa38.dir/CMakeCCompilerABI.c.o  -o cmTC_5fa38 -rdynamic  ]
  ignore line: [Using built-in specs.]
  ignore line: [COLLECT_GCC=/usr/bin/cc]
  ignore line: [COLLECT_LTO_WRAPPER=/usr/lib/gcc/x86_64-linux-gnu/5/lto-wrapper]
  ignore line: [Target: x86_64-linux-gnu]
  ignore line: [Configured with: ../src/configure -v --with-pkgversion='Ubuntu 5.4.0-6ubuntu1~16.04.11' --with-bugurl=file:///usr/share/doc/gcc-5/README.Bugs --enable-languages=c,ada,c++,java,go,d,fortran,objc,obj-c++ --prefix=/usr --program-suffix=-5 --enable-shared --enable-linker-build-id --libexecdir=/usr/lib --without-included-gettext --enable-threads=posix --libdir=/usr/lib --enable-nls --with-sysroot=/ --enable-clocale=gnu --enable-libstdcxx-debug --enable-libstdcxx-time=yes --with-default-libstdcxx-abi=new --enable-gnu-unique-object --disable-vtable-verify --enable-libmpx --enable-plugin --with-system-zlib --disable-browser-plugin --enable-java-awt=gtk --enable-gtk-cairo --with-java-home=/usr/lib/jvm/java-1.5.0-gcj-5-amd64/jre --enable-java-home --with-jvm-root-dir=/usr/lib/jvm/java-1.5.0-gcj-5-amd64 --with-jvm-jar-dir=/usr/lib/jvm-exports/java-1.5.0-gcj-5-amd64 --with-arch-directory=amd64 --with-ecj-jar=/usr/share/java/eclipse-ecj.jar --enable-objc-gc --enable-multiarch --disable-werror --with-arch-32=i686 --with-abi=m64 --with-multilib-list=m32,m64,mx32 --enable-multilib --with-tune=generic --enable-checking=release --build=x86_64-linux-gnu --host=x86_64-linux-gnu --target=x86_64-linux-gnu]
  ignore line: [Thread model: posix]
  ignore line: [gcc version 5.4.0 20160609 (Ubuntu 5.4.0-6ubuntu1~16.04.11) ]
  ignore line: [COMPILER_PATH=/usr/lib/gcc/x86_64-linux-gnu/5/:/usr/lib/gcc/x86_64-linux-gnu/5/:/usr/lib/gcc/x86_64-linux-gnu/:/usr/lib/gcc/x86_64-linux-gnu/5/:/usr/lib/gcc/x86_64-linux-gnu/]
  ignore line: [LIBRARY_PATH=/usr/local/lib/../lib/:/opt/5g/nng/lib/../lib/:/opt/5g/nanomsg/lib/../lib/:/usr/lib/gcc/x86_64-linux-gnu/5/:/usr/lib/gcc/x86_64-linux-gnu/5/../../../x86_64-linux-gnu/:/usr/lib/gcc/x86_64-linux-gnu/5/../../../../lib/:/lib/x86_64-linux-gnu/:/lib/../lib/:/usr/lib/x86_64-linux-gnu/:/usr/lib/../lib/:./:/usr/local/lib/:/opt/5g/nng/lib/:/opt/5g/uta/:/opt/5g/nanomsg/lib/:/usr/lib/gcc/x86_64-linux-gnu/5/../../../:/lib/:/usr/lib/]
  ignore line: [COLLECT_GCC_OPTIONS='-v' '-o' 'cmTC_5fa38' '-rdynamic' '-mtune=generic' '-march=x86-64']
  link line: [ /usr/lib/gcc/x86_64-linux-gnu/5/collect2 -plugin /usr/lib/gcc/x86_64-linux-gnu/5/liblto_plugin.so -plugin-opt=/usr/lib/gcc/x86_64-linux-gnu/5/lto-wrapper -plugin-opt=-fresolution=/tmp/ccOWoqbb.res -plugin-opt=-pass-through=-lgcc -plugin-opt=-pass-through=-lgcc_s -plugin-opt=-pass-through=-lc -plugin-opt=-pass-through=-lgcc -plugin-opt=-pass-through=-lgcc_s --sysroot=/ --build-id --eh-frame-hdr -m elf_x86_64 --hash-style=gnu --as-needed -export-dynamic -dynamic-linker /lib64/ld-linux-x86-64.so.2 -z relro -o cmTC_5fa38 /usr/lib/gcc/x86_64-linux-gnu/5/../../../x86_64-linux-gnu/crt1.o /usr/lib/gcc/x86_64-linux-gnu/5/../../../x86_64-linux-gnu/crti.o /usr/lib/gcc/x86_64-linux-gnu/5/crtbegin.o -L/usr/local/lib/../lib -L/opt/5g/nng/lib/../lib -L/opt/5g/nanomsg/lib/../lib -L/usr/lib/gcc/x86_64-linux-gnu/5 -L/usr/lib/gcc/x86_64-linux-gnu/5/../../../x86_64-linux-gnu -L/usr/lib/gcc/x86_64-linux-gnu/5/../../../../lib -L/lib/x86_64-linux-gnu -L/lib/../lib -L/usr/lib/x86_64-linux-gnu -L/usr/lib/../lib -L. -L/usr/local/lib -L/opt/5g/nng/lib -L/opt/5g/uta -L/opt/5g/nanomsg/lib -L/usr/lib/gcc/x86_64-linux-gnu/5/../../.. CMakeFiles/cmTC_5fa38.dir/CMakeCCompilerABI.c.o -lgcc --as-needed -lgcc_s --no-as-needed -lc -lgcc --as-needed -lgcc_s --no-as-needed /usr/lib/gcc/x86_64-linux-gnu/5/crtend.o /usr/lib/gcc/x86_64-linux-gnu/5/../../../x86_64-linux-gnu/crtn.o]
    arg [/usr/lib/gcc/x86_64-linux-gnu/5/collect2] ==> ignore
    arg [-plugin] ==> ignore
    arg [/usr/lib/gcc/x86_64-linux-gnu/5/liblto_plugin.so] ==> ignore
    arg [-plugin-opt=/usr/lib/gcc/x86_64-linux-gnu/5/lto-wrapper] ==> ignore
    arg [-plugin-opt=-fresolution=/tmp/ccOWoqbb.res] ==> ignore
    arg [-plugin-opt=-pass-through=-lgcc] ==> ignore
    arg [-plugin-opt=-pass-through=-lgcc_s] ==> ignore
    arg [-plugin-opt=-pass-through=-lc] ==> ignore
    arg [-plugin-opt=-pass-through=-lgcc] ==> ignore
    arg [-plugin-opt=-pass-through=-lgcc_s] ==> ignore
    arg [--sysroot=/] ==> ignore
    arg [--build-id] ==> ignore
    arg [--eh-frame-hdr] ==> ignore
    arg [-m] ==> ignore
    arg [elf_x86_64] ==> ignore
    arg [--hash-style=gnu] ==> ignore
    arg [--as-needed] ==> ignore
    arg [-export-dynamic] ==> ignore
    arg [-dynamic-linker] ==> ignore
    arg [/lib64/ld-linux-x86-64.so.2] ==> ignore
    arg [-zrelro] ==> ignore
    arg [-o] ==> ignore
    arg [cmTC_5fa38] ==> ignore
    arg [/usr/lib/gcc/x86_64-linux-gnu/5/../../../x86_64-linux-gnu/crt1.o] ==> ignore
    arg [/usr/lib/gcc/x86_64-linux-gnu/5/../../../x86_64-linux-gnu/crti.o] ==> ignore
    arg [/usr/lib/gcc/x86_64-linux-gnu/5/crtbegin.o] ==> ignore
    arg [-L/usr/local/lib/../lib] ==> dir [/usr/local/lib/../lib]
    arg [-L/opt/5g/nng/lib/../lib] ==> dir [/opt/5g/nng/lib/../lib]
    arg [-L/opt/5g/nanomsg/lib/../lib] ==> dir [/opt/5g/nanomsg/lib/../lib]
    arg [-L/usr/lib/gcc/x86_64-linux-gnu/5] ==> dir [/usr/lib/gcc/x86_64-linux-gnu/5]
    arg [-L/usr/lib/gcc/x86_64-linux-gnu/5/../../../x86_64-linux-gnu] ==> dir [/usr/lib/gcc/x86_64-linux-gnu/5/../../../x86_64-linux-gnu]
    arg [-L/usr/lib/gcc/x86_64-linux-gnu/5/../../../../lib] ==> dir [/usr/lib/gcc/x86_64-linux-gnu/5/../../../../lib]
    arg [-L/lib/x86_64-linux-gnu] ==> dir [/lib/x86_64-linux-gnu]
    arg [-L/lib/../lib] ==> dir [/lib/../lib]
    arg [-L/usr/lib/x86_64-linux-gnu] ==> dir [/usr/lib/x86_64-linux-gnu]
    arg [-L/usr/lib/../lib] ==> dir [/usr/lib/../lib]
    arg [-L.] ==> ignore
    arg [-L/usr/local/lib] ==> dir [/usr/local/lib]
    arg [-L/opt/5g/nng/lib] ==> dir [/opt/5g/nng/lib]
    arg [-L/opt/5g/uta] ==> dir [/opt/5g/uta]
    arg [-L/opt/5g/nanomsg/lib] ==> dir [/opt/5g/nanomsg/lib]
    arg [-L/usr/lib/gcc/x86_64-linux-gnu/5/../../..] ==> dir [/usr/lib/gcc/x86_64-linux-gnu/5/../../..]
    arg [CMakeFiles/cmTC_5fa38.dir/CMakeCCompilerABI.c.o] ==> ignore
    arg [-lgcc] ==> lib [gcc]
    arg [--as-needed] ==> ignore
    arg [-lgcc_s] ==> lib [gcc_s]
    arg [--no-as-needed] ==> ignore
    arg [-lc] ==> lib [c]
    arg [-lgcc] ==> lib [gcc]
    arg [--as-needed] ==> ignore
    arg [-lgcc_s] ==> lib [gcc_s]
    arg [--no-as-needed] ==> ignore
    arg [/usr/lib/gcc/x86_64-linux-gnu/5/crtend.o] ==> ignore
    arg [/usr/lib/gcc/x86_64-linux-gnu/5/../../../x86_64-linux-gnu/crtn.o] ==> ignore
  remove lib [gcc]
  remove lib [gcc_s]
  remove lib [gcc]
  remove lib [gcc_s]
  collapse library dir [/usr/local/lib/../lib] ==> [/usr/local/lib]
  collapse library dir [/opt/5g/nng/lib/../lib] ==> [/opt/5g/nng/lib]
  collapse library dir [/opt/5g/nanomsg/lib/../lib] ==> [/opt/5g/nanomsg/lib]
  collapse library dir [/usr/lib/gcc/x86_64-linux-gnu/5] ==> [/usr/lib/gcc/x86_64-linux-gnu/5]
  collapse library dir [/usr/lib/gcc/x86_64-linux-gnu/5/../../../x86_64-linux-gnu] ==> [/usr/lib/x86_64-linux-gnu]
  collapse library dir [/usr/lib/gcc/x86_64-linux-gnu/5/../../../../lib] ==> [/usr/lib]
  collapse library dir [/lib/x86_64-linux-gnu] ==> [/lib/x86_64-linux-gnu]
  collapse library dir [/lib/../lib] ==> [/lib]
  collapse library dir [/usr/lib/x86_64-linux-gnu] ==> [/usr/lib/x86_64-linux-gnu]
  collapse library dir [/usr/lib/../lib] ==> [/usr/lib]
  collapse library dir [/usr/local/lib] ==> [/usr/local/lib]
  collapse library dir [/opt/5g/nng/lib] ==> [/opt/5g/nng/lib]
  collapse library dir [/opt/5g/uta] ==> [/opt/5g/uta]
  collapse library dir [/opt/5g/nanomsg/lib] ==> [/opt/5g/nanomsg/lib]
  collapse library dir [/usr/lib/gcc/x86_64-linux-gnu/5/../../..] ==> [/usr/lib]
  implicit libs: [c]
  implicit dirs: [/usr/local/lib;/opt/5g/nng/lib;/opt/5g/nanomsg/lib;/usr/lib/gcc/x86_64-linux-gnu/5;/usr/lib/x86_64-linux-gnu;/usr/lib;/lib/x86_64-linux-gnu;/lib;/opt/5g/uta]
  implicit fwks: []




Detecting C [-std=c11] compiler features compiled with the following output:
Change Dir: /home/asridharan/projects/ric-co/ric-plt/lib/rmr/build/ext_nng-prefix/src/ext_nng-build/CMakeFiles/CMakeTmp

Run Build Command:"/usr/bin/make" "cmTC_f55fa/fast"
make[3]: Entering directory '/home/asridharan/projects/ric-co/ric-plt/lib/rmr/build/ext_nng-prefix/src/ext_nng-build/CMakeFiles/CMakeTmp'
/usr/bin/make -f CMakeFiles/cmTC_f55fa.dir/build.make CMakeFiles/cmTC_f55fa.dir/build
make[4]: Entering directory '/home/asridharan/projects/ric-co/ric-plt/lib/rmr/build/ext_nng-prefix/src/ext_nng-build/CMakeFiles/CMakeTmp'
Building C object CMakeFiles/cmTC_f55fa.dir/feature_tests.c.o
/usr/bin/cc    -std=c11 -o CMakeFiles/cmTC_f55fa.dir/feature_tests.c.o   -c /home/asridharan/projects/ric-co/ric-plt/lib/rmr/build/ext_nng-prefix/src/ext_nng-build/CMakeFiles/feature_tests.c
Linking C executable cmTC_f55fa
/usr/bin/cmake -E cmake_link_script CMakeFiles/cmTC_f55fa.dir/link.txt --verbose=1
/usr/bin/cc       CMakeFiles/cmTC_f55fa.dir/feature_tests.c.o  -o cmTC_f55fa -rdynamic 
make[4]: Leaving directory '/home/asridharan/projects/ric-co/ric-plt/lib/rmr/build/ext_nng-prefix/src/ext_nng-build/CMakeFiles/CMakeTmp'
make[3]: Leaving directory '/home/asridharan/projects/ric-co/ric-plt/lib/rmr/build/ext_nng-prefix/src/ext_nng-build/CMakeFiles/CMakeTmp'


    Feature record: C_FEATURE:1c_function_prototypes
    Feature record: C_FEATURE:1c_restrict
    Feature record: C_FEATURE:1c_static_assert
    Feature record: C_FEATURE:1c_variadic_macros


Detecting C [-std=c99] compiler features compiled with the following output:
Change Dir: /home/asridharan/projects/ric-co/ric-plt/lib/rmr/build/ext_nng-prefix/src/ext_nng-build/CMakeFiles/CMakeTmp

Run Build Command:"/usr/bin/make" "cmTC_b9141/fast"
make[3]: Entering directory '/home/asridharan/projects/ric-co/ric-plt/lib/rmr/build/ext_nng-prefix/src/ext_nng-build/CMakeFiles/CMakeTmp'
/usr/bin/make -f CMakeFiles/cmTC_b9141.dir/build.make CMakeFiles/cmTC_b9141.dir/build
make[4]: Entering directory '/home/asridharan/projects/ric-co/ric-plt/lib/rmr/build/ext_nng-prefix/src/ext_nng-build/CMakeFiles/CMakeTmp'
Building C object CMakeFiles/cmTC_b9141.dir/feature_tests.c.o
/usr/bin/cc    -std=c99 -o CMakeFiles/cmTC_b9141.dir/feature_tests.c.o   -c /home/asridharan/projects/ric-co/ric-plt/lib/rmr/build/ext_nng-prefix/src/ext_nng-build/CMakeFiles/feature_tests.c
Linking C executable cmTC_b9141
/usr/bin/cmake -E cmake_link_script CMakeFiles/cmTC_b9141.dir/link.txt --verbose=1
/usr/bin/cc       CMakeFiles/cmTC_b9141.dir/feature_tests.c.o  -o cmTC_b9141 -rdynamic 
make[4]: Leaving directory '/home/asridharan/projects/ric-co/ric-plt/lib/rmr/build/ext_nng-prefix/src/ext_nng-build/CMakeFiles/CMakeTmp'
make[3]: Leaving directory '/home/asridharan/projects/ric-co/ric-plt/lib/rmr/build/ext_nng-prefix/src/ext_nng-build/CMakeFiles/CMakeTmp'


    Feature record: C_FEATURE:1c_function_prototypes
    Feature record: C_FEATURE:1c_restrict
    Feature record: C_FEATURE:0c_static_assert
    Feature record: C_FEATURE:1c_variadic_macros


Detecting C [-std=c90] compiler features compiled with the following output:
Change Dir: /home/asridharan/projects/ric-co/ric-plt/lib/rmr/build/ext_nng-prefix/src/ext_nng-build/CMakeFiles/CMakeTmp

Run Build Command:"/usr/bin/make" "cmTC_153f7/fast"
make[3]: Entering directory '/home/asridharan/projects/ric-co/ric-plt/lib/rmr/build/ext_nng-prefix/src/ext_nng-build/CMakeFiles/CMakeTmp'
/usr/bin/make -f CMakeFiles/cmTC_153f7.dir/build.make CMakeFiles/cmTC_153f7.dir/build
make[4]: Entering directory '/home/asridharan/projects/ric-co/ric-plt/lib/rmr/build/ext_nng-prefix/src/ext_nng-build/CMakeFiles/CMakeTmp'
Building C object CMakeFiles/cmTC_153f7.dir/feature_tests.c.o
/usr/bin/cc    -std=c90 -o CMakeFiles/cmTC_153f7.dir/feature_tests.c.o   -c /home/asridharan/projects/ric-co/ric-plt/lib/rmr/build/ext_nng-prefix/src/ext_nng-build/CMakeFiles/feature_tests.c
Linking C executable cmTC_153f7
/usr/bin/cmake -E cmake_link_script CMakeFiles/cmTC_153f7.dir/link.txt --verbose=1
/usr/bin/cc       CMakeFiles/cmTC_153f7.dir/feature_tests.c.o  -o cmTC_153f7 -rdynamic 
make[4]: Leaving directory '/home/asridharan/projects/ric-co/ric-plt/lib/rmr/build/ext_nng-prefix/src/ext_nng-build/CMakeFiles/CMakeTmp'
make[3]: Leaving directory '/home/asridharan/projects/ric-co/ric-plt/lib/rmr/build/ext_nng-prefix/src/ext_nng-build/CMakeFiles/CMakeTmp'


    Feature record: C_FEATURE:1c_function_prototypes
    Feature record: C_FEATURE:0c_restrict
    Feature record: C_FEATURE:0c_static_assert
    Feature record: C_FEATURE:0c_variadic_macros
Determining if the include file sys/types.h exists passed with the following output:
Change Dir: /home/asridharan/projects/ric-co/ric-plt/lib/rmr/build/ext_nng-prefix/src/ext_nng-build/CMakeFiles/CMakeTmp

Run Build Command:"/usr/bin/make" "cmTC_c3dcb/fast"
make[3]: Entering directory '/home/asridharan/projects/ric-co/ric-plt/lib/rmr/build/ext_nng-prefix/src/ext_nng-build/CMakeFiles/CMakeTmp'
/usr/bin/make -f CMakeFiles/cmTC_c3dcb.dir/build.make CMakeFiles/cmTC_c3dcb.dir/build
make[4]: Entering directory '/home/asridharan/projects/ric-co/ric-plt/lib/rmr/build/ext_nng-prefix/src/ext_nng-build/CMakeFiles/CMakeTmp'
Building C object CMakeFiles/cmTC_c3dcb.dir/CheckIncludeFile.c.o
/usr/bin/cc    -Wall -Wextra -fno-omit-frame-pointer      -o CMakeFiles/cmTC_c3dcb.dir/CheckIncludeFile.c.o   -c /home/asridharan/projects/ric-co/ric-plt/lib/rmr/build/ext_nng-prefix/src/ext_nng-build/CMakeFiles/CMakeTmp/CheckIncludeFile.c
Linking C executable cmTC_c3dcb
/usr/bin/cmake -E cmake_link_script CMakeFiles/cmTC_c3dcb.dir/link.txt --verbose=1
/usr/bin/cc   -Wall -Wextra -fno-omit-frame-pointer       CMakeFiles/cmTC_c3dcb.dir/CheckIncludeFile.c.o  -o cmTC_c3dcb -rdynamic 
make[4]: Leaving directory '/home/asridharan/projects/ric-co/ric-plt/lib/rmr/build/ext_nng-prefix/src/ext_nng-build/CMakeFiles/CMakeTmp'
make[3]: Leaving directory '/home/asridharan/projects/ric-co/ric-plt/lib/rmr/build/ext_nng-prefix/src/ext_nng-build/CMakeFiles/CMakeTmp'


Determining if the include file stdint.h exists passed with the following output:
Change Dir: /home/asridharan/projects/ric-co/ric-plt/lib/rmr/build/ext_nng-prefix/src/ext_nng-build/CMakeFiles/CMakeTmp

Run Build Command:"/usr/bin/make" "cmTC_19bc0/fast"
make[3]: Entering directory '/home/asridharan/projects/ric-co/ric-plt/lib/rmr/build/ext_nng-prefix/src/ext_nng-build/CMakeFiles/CMakeTmp'
/usr/bin/make -f CMakeFiles/cmTC_19bc0.dir/build.make CMakeFiles/cmTC_19bc0.dir/build
make[4]: Entering directory '/home/asridharan/projects/ric-co/ric-plt/lib/rmr/build/ext_nng-prefix/src/ext_nng-build/CMakeFiles/CMakeTmp'
Building C object CMakeFiles/cmTC_19bc0.dir/CheckIncludeFile.c.o
/usr/bin/cc    -Wall -Wextra -fno-omit-frame-pointer      -o CMakeFiles/cmTC_19bc0.dir/CheckIncludeFile.c.o   -c /home/asridharan/projects/ric-co/ric-plt/lib/rmr/build/ext_nng-prefix/src/ext_nng-build/CMakeFiles/CMakeTmp/CheckIncludeFile.c
Linking C executable cmTC_19bc0
/usr/bin/cmake -E cmake_link_script CMakeFiles/cmTC_19bc0.dir/link.txt --verbose=1
/usr/bin/cc   -Wall -Wextra -fno-omit-frame-pointer       CMakeFiles/cmTC_19bc0.dir/CheckIncludeFile.c.o  -o cmTC_19bc0 -rdynamic 
make[4]: Leaving directory '/home/asridharan/projects/ric-co/ric-plt/lib/rmr/build/ext_nng-prefix/src/ext_nng-build/CMakeFiles/CMakeTmp'
make[3]: Leaving directory '/home/asridharan/projects/ric-co/ric-plt/lib/rmr/build/ext_nng-prefix/src/ext_nng-build/CMakeFiles/CMakeTmp'


Determining if the include file stddef.h exists passed with the following output:
Change Dir: /home/asridharan/projects/ric-co/ric-plt/lib/rmr/build/ext_nng-prefix/src/ext_nng-build/CMakeFiles/CMakeTmp

Run Build Command:"/usr/bin/make" "cmTC_bb9c7/fast"
make[3]: Entering directory '/home/asridharan/projects/ric-co/ric-plt/lib/rmr/build/ext_nng-prefix/src/ext_nng-build/CMakeFiles/CMakeTmp'
/usr/bin/make -f CMakeFiles/cmTC_bb9c7.dir/build.make CMakeFiles/cmTC_bb9c7.dir/build
make[4]: Entering directory '/home/asridharan/projects/ric-co/ric-plt/lib/rmr/build/ext_nng-prefix/src/ext_nng-build/CMakeFiles/CMakeTmp'
Building C object CMakeFiles/cmTC_bb9c7.dir/CheckIncludeFile.c.o
/usr/bin/cc    -Wall -Wextra -fno-omit-frame-pointer      -o CMakeFiles/cmTC_bb9c7.dir/CheckIncludeFile.c.o   -c /home/asridharan/projects/ric-co/ric-plt/lib/rmr/build/ext_nng-prefix/src/ext_nng-build/CMakeFiles/CMakeTmp/CheckIncludeFile.c
Linking C executable cmTC_bb9c7
/usr/bin/cmake -E cmake_link_script CMakeFiles/cmTC_bb9c7.dir/link.txt --verbose=1
/usr/bin/cc   -Wall -Wextra -fno-omit-frame-pointer       CMakeFiles/cmTC_bb9c7.dir/CheckIncludeFile.c.o  -o cmTC_bb9c7 -rdynamic 
make[4]: Leaving directory '/home/asridharan/projects/ric-co/ric-plt/lib/rmr/build/ext_nng-prefix/src/ext_nng-build/CMakeFiles/CMakeTmp'
make[3]: Leaving directory '/home/asridharan/projects/ric-co/ric-plt/lib/rmr/build/ext_nng-prefix/src/ext_nng-build/CMakeFiles/CMakeTmp'


Determining size of unsigned short passed with the following output:
Change Dir: /home/asridharan/projects/ric-co/ric-plt/lib/rmr/build/ext_nng-prefix/src/ext_nng-build/CMakeFiles/CMakeTmp

Run Build Command:"/usr/bin/make" "cmTC_24b9c/fast"
make[3]: Entering directory '/home/asridharan/projects/ric-co/ric-plt/lib/rmr/build/ext_nng-prefix/src/ext_nng-build/CMakeFiles/CMakeTmp'
/usr/bin/make -f CMakeFiles/cmTC_24b9c.dir/build.make CMakeFiles/cmTC_24b9c.dir/build
make[4]: Entering directory '/home/asridharan/projects/ric-co/ric-plt/lib/rmr/build/ext_nng-prefix/src/ext_nng-build/CMakeFiles/CMakeTmp'
Building C object CMakeFiles/cmTC_24b9c.dir/CMAKE_SIZEOF_UNSIGNED_SHORT.c.o
/usr/bin/cc    -Wall -Wextra -fno-omit-frame-pointer      -o CMakeFiles/cmTC_24b9c.dir/CMAKE_SIZEOF_UNSIGNED_SHORT.c.o   -c /home/asridharan/projects/ric-co/ric-plt/lib/rmr/build/ext_nng-prefix/src/ext_nng-build/CMakeFiles/CheckTypeSize/CMAKE_SIZEOF_UNSIGNED_SHORT.c
Linking C executable cmTC_24b9c
/usr/bin/cmake -E cmake_link_script CMakeFiles/cmTC_24b9c.dir/link.txt --verbose=1
/usr/bin/cc   -Wall -Wextra -fno-omit-frame-pointer       CMakeFiles/cmTC_24b9c.dir/CMAKE_SIZEOF_UNSIGNED_SHORT.c.o  -o cmTC_24b9c -rdynamic 
make[4]: Leaving directory '/home/asridharan/projects/ric-co/ric-plt/lib/rmr/build/ext_nng-prefix/src/ext_nng-build/CMakeFiles/CMakeTmp'
make[3]: Leaving directory '/home/asridharan/projects/ric-co/ric-plt/lib/rmr/build/ext_nng-prefix/src/ext_nng-build/CMakeFiles/CMakeTmp'


Performing C SOURCE FILE Test NNG_HIDDEN_VISIBILITY succeeded with the following output:
Change Dir: /home/asridharan/projects/ric-co/ric-plt/lib/rmr/build/ext_nng-prefix/src/ext_nng-build/CMakeFiles/CMakeTmp

Run Build Command:"/usr/bin/make" "cmTC_af507/fast"
make[3]: Entering directory '/home/asridharan/projects/ric-co/ric-plt/lib/rmr/build/ext_nng-prefix/src/ext_nng-build/CMakeFiles/CMakeTmp'
/usr/bin/make -f CMakeFiles/cmTC_af507.dir/build.make CMakeFiles/cmTC_af507.dir/build
make[4]: Entering directory '/home/asridharan/projects/ric-co/ric-plt/lib/rmr/build/ext_nng-prefix/src/ext_nng-build/CMakeFiles/CMakeTmp'
Building C object CMakeFiles/cmTC_af507.dir/src.c.o
/usr/bin/cc    -Wall -Wextra -fno-omit-frame-pointer   -DNNG_HIDDEN_VISIBILITY   -fvisibility=hidden -o CMakeFiles/cmTC_af507.dir/src.c.o   -c /home/asridharan/projects/ric-co/ric-plt/lib/rmr/build/ext_nng-prefix/src/ext_nng-build/CMakeFiles/CMakeTmp/src.c
Linking C executable cmTC_af507
/usr/bin/cmake -E cmake_link_script CMakeFiles/cmTC_af507.dir/link.txt --verbose=1
/usr/bin/cc   -Wall -Wextra -fno-omit-frame-pointer   -DNNG_HIDDEN_VISIBILITY    CMakeFiles/cmTC_af507.dir/src.c.o  -o cmTC_af507 -rdynamic 
make[4]: Leaving directory '/home/asridharan/projects/ric-co/ric-plt/lib/rmr/build/ext_nng-prefix/src/ext_nng-build/CMakeFiles/CMakeTmp'
make[3]: Leaving directory '/home/asridharan/projects/ric-co/ric-plt/lib/rmr/build/ext_nng-prefix/src/ext_nng-build/CMakeFiles/CMakeTmp'

Source file was:
int main(void) { return 0; }
Determining if the include file pthread.h exists passed with the following output:
Change Dir: /home/asridharan/projects/ric-co/ric-plt/lib/rmr/build/ext_nng-prefix/src/ext_nng-build/CMakeFiles/CMakeTmp

Run Build Command:"/usr/bin/make" "cmTC_fad5b/fast"
make[3]: Entering directory '/home/asridharan/projects/ric-co/ric-plt/lib/rmr/build/ext_nng-prefix/src/ext_nng-build/CMakeFiles/CMakeTmp'
/usr/bin/make -f CMakeFiles/cmTC_fad5b.dir/build.make CMakeFiles/cmTC_fad5b.dir/build
make[4]: Entering directory '/home/asridharan/projects/ric-co/ric-plt/lib/rmr/build/ext_nng-prefix/src/ext_nng-build/CMakeFiles/CMakeTmp'
Building C object CMakeFiles/cmTC_fad5b.dir/CheckIncludeFile.c.o
/usr/bin/cc    -Wall -Wextra -fno-omit-frame-pointer      -o CMakeFiles/cmTC_fad5b.dir/CheckIncludeFile.c.o   -c /home/asridharan/projects/ric-co/ric-plt/lib/rmr/build/ext_nng-prefix/src/ext_nng-build/CMakeFiles/CMakeTmp/CheckIncludeFile.c
Linking C executable cmTC_fad5b
/usr/bin/cmake -E cmake_link_script CMakeFiles/cmTC_fad5b.dir/link.txt --verbose=1
/usr/bin/cc   -Wall -Wextra -fno-omit-frame-pointer       CMakeFiles/cmTC_fad5b.dir/CheckIncludeFile.c.o  -o cmTC_fad5b -rdynamic 
make[4]: Leaving directory '/home/asridharan/projects/ric-co/ric-plt/lib/rmr/build/ext_nng-prefix/src/ext_nng-build/CMakeFiles/CMakeTmp'
make[3]: Leaving directory '/home/asridharan/projects/ric-co/ric-plt/lib/rmr/build/ext_nng-prefix/src/ext_nng-build/CMakeFiles/CMakeTmp'


Determining if the function pthread_create exists in the pthread passed with the following output:
Change Dir: /home/asridharan/projects/ric-co/ric-plt/lib/rmr/build/ext_nng-prefix/src/ext_nng-build/CMakeFiles/CMakeTmp

Run Build Command:"/usr/bin/make" "cmTC_82aec/fast"
make[3]: Entering directory '/home/asridharan/projects/ric-co/ric-plt/lib/rmr/build/ext_nng-prefix/src/ext_nng-build/CMakeFiles/CMakeTmp'
/usr/bin/make -f CMakeFiles/cmTC_82aec.dir/build.make CMakeFiles/cmTC_82aec.dir/build
make[4]: Entering directory '/home/asridharan/projects/ric-co/ric-plt/lib/rmr/build/ext_nng-prefix/src/ext_nng-build/CMakeFiles/CMakeTmp'
Building C object CMakeFiles/cmTC_82aec.dir/CheckFunctionExists.c.o
/usr/bin/cc    -Wall -Wextra -fno-omit-frame-pointer   -DCHECK_FUNCTION_EXISTS=pthread_create   -o CMakeFiles/cmTC_82aec.dir/CheckFunctionExists.c.o   -c /usr/share/cmake-3.5/Modules/CheckFunctionExists.c
Linking C executable cmTC_82aec
/usr/bin/cmake -E cmake_link_script CMakeFiles/cmTC_82aec.dir/link.txt --verbose=1
/usr/bin/cc   -Wall -Wextra -fno-omit-frame-pointer   -DCHECK_FUNCTION_EXISTS=pthread_create    CMakeFiles/cmTC_82aec.dir/CheckFunctionExists.c.o  -o cmTC_82aec -rdynamic -lpthread 
make[4]: Leaving directory '/home/asridharan/projects/ric-co/ric-plt/lib/rmr/build/ext_nng-prefix/src/ext_nng-build/CMakeFiles/CMakeTmp'
make[3]: Leaving directory '/home/asridharan/projects/ric-co/ric-plt/lib/rmr/build/ext_nng-prefix/src/ext_nng-build/CMakeFiles/CMakeTmp'


Determining if the function lockf exists passed with the following output:
Change Dir: /home/asridharan/projects/ric-co/ric-plt/lib/rmr/build/ext_nng-prefix/src/ext_nng-build/CMakeFiles/CMakeTmp

Run Build Command:"/usr/bin/make" "cmTC_d4d78/fast"
make[3]: Entering directory '/home/asridharan/projects/ric-co/ric-plt/lib/rmr/build/ext_nng-prefix/src/ext_nng-build/CMakeFiles/CMakeTmp'
/usr/bin/make -f CMakeFiles/cmTC_d4d78.dir/build.make CMakeFiles/cmTC_d4d78.dir/build
make[4]: Entering directory '/home/asridharan/projects/ric-co/ric-plt/lib/rmr/build/ext_nng-prefix/src/ext_nng-build/CMakeFiles/CMakeTmp'
Building C object CMakeFiles/cmTC_d4d78.dir/CheckFunctionExists.c.o
/usr/bin/cc    -Wall -Wextra -fno-omit-frame-pointer   -DCHECK_FUNCTION_EXISTS=lockf   -o CMakeFiles/cmTC_d4d78.dir/CheckFunctionExists.c.o   -c /usr/share/cmake-3.5/Modules/CheckFunctionExists.c
Linking C executable cmTC_d4d78
/usr/bin/cmake -E cmake_link_script CMakeFiles/cmTC_d4d78.dir/link.txt --verbose=1
/usr/bin/cc   -Wall -Wextra -fno-omit-frame-pointer   -DCHECK_FUNCTION_EXISTS=lockf    CMakeFiles/cmTC_d4d78.dir/CheckFunctionExists.c.o  -o cmTC_d4d78 -rdynamic 
make[4]: Leaving directory '/home/asridharan/projects/ric-co/ric-plt/lib/rmr/build/ext_nng-prefix/src/ext_nng-build/CMakeFiles/CMakeTmp'
make[3]: Leaving directory '/home/asridharan/projects/ric-co/ric-plt/lib/rmr/build/ext_nng-prefix/src/ext_nng-build/CMakeFiles/CMakeTmp'


Determining if the function flock exists passed with the following output:
Change Dir: /home/asridharan/projects/ric-co/ric-plt/lib/rmr/build/ext_nng-prefix/src/ext_nng-build/CMakeFiles/CMakeTmp

Run Build Command:"/usr/bin/make" "cmTC_b546e/fast"
make[3]: Entering directory '/home/asridharan/projects/ric-co/ric-plt/lib/rmr/build/ext_nng-prefix/src/ext_nng-build/CMakeFiles/CMakeTmp'
/usr/bin/make -f CMakeFiles/cmTC_b546e.dir/build.make CMakeFiles/cmTC_b546e.dir/build
make[4]: Entering directory '/home/asridharan/projects/ric-co/ric-plt/lib/rmr/build/ext_nng-prefix/src/ext_nng-build/CMakeFiles/CMakeTmp'
Building C object CMakeFiles/cmTC_b546e.dir/CheckFunctionExists.c.o
/usr/bin/cc    -Wall -Wextra -fno-omit-frame-pointer   -DCHECK_FUNCTION_EXISTS=flock   -o CMakeFiles/cmTC_b546e.dir/CheckFunctionExists.c.o   -c /usr/share/cmake-3.5/Modules/CheckFunctionExists.c
Linking C executable cmTC_b546e
/usr/bin/cmake -E cmake_link_script CMakeFiles/cmTC_b546e.dir/link.txt --verbose=1
/usr/bin/cc   -Wall -Wextra -fno-omit-frame-pointer   -DCHECK_FUNCTION_EXISTS=flock    CMakeFiles/cmTC_b546e.dir/CheckFunctionExists.c.o  -o cmTC_b546e -rdynamic 
make[4]: Leaving directory '/home/asridharan/projects/ric-co/ric-plt/lib/rmr/build/ext_nng-prefix/src/ext_nng-build/CMakeFiles/CMakeTmp'
make[3]: Leaving directory '/home/asridharan/projects/ric-co/ric-plt/lib/rmr/build/ext_nng-prefix/src/ext_nng-build/CMakeFiles/CMakeTmp'


Determining if the function clock_gettime exists in the rt passed with the following output:
Change Dir: /home/asridharan/projects/ric-co/ric-plt/lib/rmr/build/ext_nng-prefix/src/ext_nng-build/CMakeFiles/CMakeTmp

Run Build Command:"/usr/bin/make" "cmTC_908ab/fast"
make[3]: Entering directory '/home/asridharan/projects/ric-co/ric-plt/lib/rmr/build/ext_nng-prefix/src/ext_nng-build/CMakeFiles/CMakeTmp'
/usr/bin/make -f CMakeFiles/cmTC_908ab.dir/build.make CMakeFiles/cmTC_908ab.dir/build
make[4]: Entering directory '/home/asridharan/projects/ric-co/ric-plt/lib/rmr/build/ext_nng-prefix/src/ext_nng-build/CMakeFiles/CMakeTmp'
Building C object CMakeFiles/cmTC_908ab.dir/CheckFunctionExists.c.o
/usr/bin/cc    -Wall -Wextra -fno-omit-frame-pointer   -DCHECK_FUNCTION_EXISTS=clock_gettime   -o CMakeFiles/cmTC_908ab.dir/CheckFunctionExists.c.o   -c /usr/share/cmake-3.5/Modules/CheckFunctionExists.c
Linking C executable cmTC_908ab
/usr/bin/cmake -E cmake_link_script CMakeFiles/cmTC_908ab.dir/link.txt --verbose=1
/usr/bin/cc   -Wall -Wextra -fno-omit-frame-pointer   -DCHECK_FUNCTION_EXISTS=clock_gettime    CMakeFiles/cmTC_908ab.dir/CheckFunctionExists.c.o  -o cmTC_908ab -rdynamic -lrt 
make[4]: Leaving directory '/home/asridharan/projects/ric-co/ric-plt/lib/rmr/build/ext_nng-prefix/src/ext_nng-build/CMakeFiles/CMakeTmp'
make[3]: Leaving directory '/home/asridharan/projects/ric-co/ric-plt/lib/rmr/build/ext_nng-prefix/src/ext_nng-build/CMakeFiles/CMakeTmp'


Determining if the function sem_wait exists in the pthread passed with the following output:
Change Dir: /home/asridharan/projects/ric-co/ric-plt/lib/rmr/build/ext_nng-prefix/src/ext_nng-build/CMakeFiles/CMakeTmp

Run Build Command:"/usr/bin/make" "cmTC_37f5b/fast"
make[3]: Entering directory '/home/asridharan/projects/ric-co/ric-plt/lib/rmr/build/ext_nng-prefix/src/ext_nng-build/CMakeFiles/CMakeTmp'
/usr/bin/make -f CMakeFiles/cmTC_37f5b.dir/build.make CMakeFiles/cmTC_37f5b.dir/build
make[4]: Entering directory '/home/asridharan/projects/ric-co/ric-plt/lib/rmr/build/ext_nng-prefix/src/ext_nng-build/CMakeFiles/CMakeTmp'
Building C object CMakeFiles/cmTC_37f5b.dir/CheckFunctionExists.c.o
/usr/bin/cc    -Wall -Wextra -fno-omit-frame-pointer   -DCHECK_FUNCTION_EXISTS=sem_wait   -o CMakeFiles/cmTC_37f5b.dir/CheckFunctionExists.c.o   -c /usr/share/cmake-3.5/Modules/CheckFunctionExists.c
Linking C executable cmTC_37f5b
/usr/bin/cmake -E cmake_link_script CMakeFiles/cmTC_37f5b.dir/link.txt --verbose=1
/usr/bin/cc   -Wall -Wextra -fno-omit-frame-pointer   -DCHECK_FUNCTION_EXISTS=sem_wait    CMakeFiles/cmTC_37f5b.dir/CheckFunctionExists.c.o  -o cmTC_37f5b -rdynamic -lpthread 
make[4]: Leaving directory '/home/asridharan/projects/ric-co/ric-plt/lib/rmr/build/ext_nng-prefix/src/ext_nng-build/CMakeFiles/CMakeTmp'
make[3]: Leaving directory '/home/asridharan/projects/ric-co/ric-plt/lib/rmr/build/ext_nng-prefix/src/ext_nng-build/CMakeFiles/CMakeTmp'


Determining if the function gethostbyname exists in the nsl passed with the following output:
Change Dir: /home/asridharan/projects/ric-co/ric-plt/lib/rmr/build/ext_nng-prefix/src/ext_nng-build/CMakeFiles/CMakeTmp

Run Build Command:"/usr/bin/make" "cmTC_c8cba/fast"
make[3]: Entering directory '/home/asridharan/projects/ric-co/ric-plt/lib/rmr/build/ext_nng-prefix/src/ext_nng-build/CMakeFiles/CMakeTmp'
/usr/bin/make -f CMakeFiles/cmTC_c8cba.dir/build.make CMakeFiles/cmTC_c8cba.dir/build
make[4]: Entering directory '/home/asridharan/projects/ric-co/ric-plt/lib/rmr/build/ext_nng-prefix/src/ext_nng-build/CMakeFiles/CMakeTmp'
Building C object CMakeFiles/cmTC_c8cba.dir/CheckFunctionExists.c.o
/usr/bin/cc    -Wall -Wextra -fno-omit-frame-pointer   -DCHECK_FUNCTION_EXISTS=gethostbyname   -o CMakeFiles/cmTC_c8cba.dir/CheckFunctionExists.c.o   -c /usr/share/cmake-3.5/Modules/CheckFunctionExists.c
Linking C executable cmTC_c8cba
/usr/bin/cmake -E cmake_link_script CMakeFiles/cmTC_c8cba.dir/link.txt --verbose=1
/usr/bin/cc   -Wall -Wextra -fno-omit-frame-pointer   -DCHECK_FUNCTION_EXISTS=gethostbyname    CMakeFiles/cmTC_c8cba.dir/CheckFunctionExists.c.o  -o cmTC_c8cba -rdynamic -lnsl 
make[4]: Leaving directory '/home/asridharan/projects/ric-co/ric-plt/lib/rmr/build/ext_nng-prefix/src/ext_nng-build/CMakeFiles/CMakeTmp'
make[3]: Leaving directory '/home/asridharan/projects/ric-co/ric-plt/lib/rmr/build/ext_nng-prefix/src/ext_nng-build/CMakeFiles/CMakeTmp'


Determining if the AF_UNIX exist passed with the following output:
Change Dir: /home/asridharan/projects/ric-co/ric-plt/lib/rmr/build/ext_nng-prefix/src/ext_nng-build/CMakeFiles/CMakeTmp

Run Build Command:"/usr/bin/make" "cmTC_66946/fast"
make[3]: Entering directory '/home/asridharan/projects/ric-co/ric-plt/lib/rmr/build/ext_nng-prefix/src/ext_nng-build/CMakeFiles/CMakeTmp'
/usr/bin/make -f CMakeFiles/cmTC_66946.dir/build.make CMakeFiles/cmTC_66946.dir/build
make[4]: Entering directory '/home/asridharan/projects/ric-co/ric-plt/lib/rmr/build/ext_nng-prefix/src/ext_nng-build/CMakeFiles/CMakeTmp'
Building C object CMakeFiles/cmTC_66946.dir/CheckSymbolExists.c.o
/usr/bin/cc    -Wall -Wextra -fno-omit-frame-pointer      -o CMakeFiles/cmTC_66946.dir/CheckSymbolExists.c.o   -c /home/asridharan/projects/ric-co/ric-plt/lib/rmr/build/ext_nng-prefix/src/ext_nng-build/CMakeFiles/CMakeTmp/CheckSymbolExists.c
Linking C executable cmTC_66946
/usr/bin/cmake -E cmake_link_script CMakeFiles/cmTC_66946.dir/link.txt --verbose=1
/usr/bin/cc   -Wall -Wextra -fno-omit-frame-pointer       CMakeFiles/cmTC_66946.dir/CheckSymbolExists.c.o  -o cmTC_66946 -rdynamic 
make[4]: Leaving directory '/home/asridharan/projects/ric-co/ric-plt/lib/rmr/build/ext_nng-prefix/src/ext_nng-build/CMakeFiles/CMakeTmp'
make[3]: Leaving directory '/home/asridharan/projects/ric-co/ric-plt/lib/rmr/build/ext_nng-prefix/src/ext_nng-build/CMakeFiles/CMakeTmp'

File /home/asridharan/projects/ric-co/ric-plt/lib/rmr/build/ext_nng-prefix/src/ext_nng-build/CMakeFiles/CMakeTmp/CheckSymbolExists.c:
/* */
#include <sys/socket.h>

int main(int argc, char** argv)
{
  (void)argv;
#ifndef AF_UNIX
  return ((int*)(&AF_UNIX))[argc];
#else
  (void)argc;
  return 0;
#endif
}

Determining if the backtrace_symbols_fd exist passed with the following output:
Change Dir: /home/asridharan/projects/ric-co/ric-plt/lib/rmr/build/ext_nng-prefix/src/ext_nng-build/CMakeFiles/CMakeTmp

Run Build Command:"/usr/bin/make" "cmTC_900e5/fast"
make[3]: Entering directory '/home/asridharan/projects/ric-co/ric-plt/lib/rmr/build/ext_nng-prefix/src/ext_nng-build/CMakeFiles/CMakeTmp'
/usr/bin/make -f CMakeFiles/cmTC_900e5.dir/build.make CMakeFiles/cmTC_900e5.dir/build
make[4]: Entering directory '/home/asridharan/projects/ric-co/ric-plt/lib/rmr/build/ext_nng-prefix/src/ext_nng-build/CMakeFiles/CMakeTmp'
Building C object CMakeFiles/cmTC_900e5.dir/CheckSymbolExists.c.o
/usr/bin/cc    -Wall -Wextra -fno-omit-frame-pointer      -o CMakeFiles/cmTC_900e5.dir/CheckSymbolExists.c.o   -c /home/asridharan/projects/ric-co/ric-plt/lib/rmr/build/ext_nng-prefix/src/ext_nng-build/CMakeFiles/CMakeTmp/CheckSymbolExists.c
Linking C executable cmTC_900e5
/usr/bin/cmake -E cmake_link_script CMakeFiles/cmTC_900e5.dir/link.txt --verbose=1
/usr/bin/cc   -Wall -Wextra -fno-omit-frame-pointer       CMakeFiles/cmTC_900e5.dir/CheckSymbolExists.c.o  -o cmTC_900e5 -rdynamic 
make[4]: Leaving directory '/home/asridharan/projects/ric-co/ric-plt/lib/rmr/build/ext_nng-prefix/src/ext_nng-build/CMakeFiles/CMakeTmp'
make[3]: Leaving directory '/home/asridharan/projects/ric-co/ric-plt/lib/rmr/build/ext_nng-prefix/src/ext_nng-build/CMakeFiles/CMakeTmp'

File /home/asridharan/projects/ric-co/ric-plt/lib/rmr/build/ext_nng-prefix/src/ext_nng-build/CMakeFiles/CMakeTmp/CheckSymbolExists.c:
/* */
#include <execinfo.h>

int main(int argc, char** argv)
{
  (void)argv;
#ifndef backtrace_symbols_fd
  return ((int*)(&backtrace_symbols_fd))[argc];
#else
  (void)argc;
  return 0;
#endif
}

Determining if the alloca exist passed with the following output:
Change Dir: /home/asridharan/projects/ric-co/ric-plt/lib/rmr/build/ext_nng-prefix/src/ext_nng-build/CMakeFiles/CMakeTmp

Run Build Command:"/usr/bin/make" "cmTC_a3f7f/fast"
make[3]: Entering directory '/home/asridharan/projects/ric-co/ric-plt/lib/rmr/build/ext_nng-prefix/src/ext_nng-build/CMakeFiles/CMakeTmp'
/usr/bin/make -f CMakeFiles/cmTC_a3f7f.dir/build.make CMakeFiles/cmTC_a3f7f.dir/build
make[4]: Entering directory '/home/asridharan/projects/ric-co/ric-plt/lib/rmr/build/ext_nng-prefix/src/ext_nng-build/CMakeFiles/CMakeTmp'
Building C object CMakeFiles/cmTC_a3f7f.dir/CheckSymbolExists.c.o
/usr/bin/cc    -Wall -Wextra -fno-omit-frame-pointer      -o CMakeFiles/cmTC_a3f7f.dir/CheckSymbolExists.c.o   -c /home/asridharan/projects/ric-co/ric-plt/lib/rmr/build/ext_nng-prefix/src/ext_nng-build/CMakeFiles/CMakeTmp/CheckSymbolExists.c
Linking C executable cmTC_a3f7f
/usr/bin/cmake -E cmake_link_script CMakeFiles/cmTC_a3f7f.dir/link.txt --verbose=1
/usr/bin/cc   -Wall -Wextra -fno-omit-frame-pointer       CMakeFiles/cmTC_a3f7f.dir/CheckSymbolExists.c.o  -o cmTC_a3f7f -rdynamic 
make[4]: Leaving directory '/home/asridharan/projects/ric-co/ric-plt/lib/rmr/build/ext_nng-prefix/src/ext_nng-build/CMakeFiles/CMakeTmp'
make[3]: Leaving directory '/home/asridharan/projects/ric-co/ric-plt/lib/rmr/build/ext_nng-prefix/src/ext_nng-build/CMakeFiles/CMakeTmp'

File /home/asridharan/projects/ric-co/ric-plt/lib/rmr/build/ext_nng-prefix/src/ext_nng-build/CMakeFiles/CMakeTmp/CheckSymbolExists.c:
/* */
#include <alloca.h>

int main(int argc, char** argv)
{
  (void)argv;
#ifndef alloca
  return ((int*)(&alloca))[argc];
#else
  (void)argc;
  return 0;
#endif
}

Performing C SOURCE FILE Test NNG_HAVE_MSG_CONTROL succeeded with the following output:
Change Dir: /home/asridharan/projects/ric-co/ric-plt/lib/rmr/build/ext_nng-prefix/src/ext_nng-build/CMakeFiles/CMakeTmp

Run Build Command:"/usr/bin/make" "cmTC_8f152/fast"
make[3]: Entering directory '/home/asridharan/projects/ric-co/ric-plt/lib/rmr/build/ext_nng-prefix/src/ext_nng-build/CMakeFiles/CMakeTmp'
/usr/bin/make -f CMakeFiles/cmTC_8f152.dir/build.make CMakeFiles/cmTC_8f152.dir/build
make[4]: Entering directory '/home/asridharan/projects/ric-co/ric-plt/lib/rmr/build/ext_nng-prefix/src/ext_nng-build/CMakeFiles/CMakeTmp'
Building C object CMakeFiles/cmTC_8f152.dir/src.c.o
/usr/bin/cc    -Wall -Wextra -fno-omit-frame-pointer   -DNNG_HAVE_MSG_CONTROL   -o CMakeFiles/cmTC_8f152.dir/src.c.o   -c /home/asridharan/projects/ric-co/ric-plt/lib/rmr/build/ext_nng-prefix/src/ext_nng-build/CMakeFiles/CMakeTmp/src.c
Linking C executable cmTC_8f152
/usr/bin/cmake -E cmake_link_script CMakeFiles/cmTC_8f152.dir/link.txt --verbose=1
/usr/bin/cc   -Wall -Wextra -fno-omit-frame-pointer   -DNNG_HAVE_MSG_CONTROL    CMakeFiles/cmTC_8f152.dir/src.c.o  -o cmTC_8f152 -rdynamic 
make[4]: Leaving directory '/home/asridharan/projects/ric-co/ric-plt/lib/rmr/build/ext_nng-prefix/src/ext_nng-build/CMakeFiles/CMakeTmp'
make[3]: Leaving directory '/home/asridharan/projects/ric-co/ric-plt/lib/rmr/build/ext_nng-prefix/src/ext_nng-build/CMakeFiles/CMakeTmp'

Source file was:

#include <sys/socket.h>

int main()
{
   (void)sizeof(((struct msghdr *)0)->msg_control);
   return 0;
}

Determining if the eventfd exist passed with the following output:
Change Dir: /home/asridharan/projects/ric-co/ric-plt/lib/rmr/build/ext_nng-prefix/src/ext_nng-build/CMakeFiles/CMakeTmp

Run Build Command:"/usr/bin/make" "cmTC_bd1ee/fast"
make[3]: Entering directory '/home/asridharan/projects/ric-co/ric-plt/lib/rmr/build/ext_nng-prefix/src/ext_nng-build/CMakeFiles/CMakeTmp'
/usr/bin/make -f CMakeFiles/cmTC_bd1ee.dir/build.make CMakeFiles/cmTC_bd1ee.dir/build
make[4]: Entering directory '/home/asridharan/projects/ric-co/ric-plt/lib/rmr/build/ext_nng-prefix/src/ext_nng-build/CMakeFiles/CMakeTmp'
Building C object CMakeFiles/cmTC_bd1ee.dir/CheckSymbolExists.c.o
/usr/bin/cc    -Wall -Wextra -fno-omit-frame-pointer      -o CMakeFiles/cmTC_bd1ee.dir/CheckSymbolExists.c.o   -c /home/asridharan/projects/ric-co/ric-plt/lib/rmr/build/ext_nng-prefix/src/ext_nng-build/CMakeFiles/CMakeTmp/CheckSymbolExists.c
Linking C executable cmTC_bd1ee
/usr/bin/cmake -E cmake_link_script CMakeFiles/cmTC_bd1ee.dir/link.txt --verbose=1
/usr/bin/cc   -Wall -Wextra -fno-omit-frame-pointer       CMakeFiles/cmTC_bd1ee.dir/CheckSymbolExists.c.o  -o cmTC_bd1ee -rdynamic 
make[4]: Leaving directory '/home/asridharan/projects/ric-co/ric-plt/lib/rmr/build/ext_nng-prefix/src/ext_nng-build/CMakeFiles/CMakeTmp'
make[3]: Leaving directory '/home/asridharan/projects/ric-co/ric-plt/lib/rmr/build/ext_nng-prefix/src/ext_nng-build/CMakeFiles/CMakeTmp'

File /home/asridharan/projects/ric-co/ric-plt/lib/rmr/build/ext_nng-prefix/src/ext_nng-build/CMakeFiles/CMakeTmp/CheckSymbolExists.c:
/* */
#include <sys/eventfd.h>

int main(int argc, char** argv)
{
  (void)argv;
#ifndef eventfd
  return ((int*)(&eventfd))[argc];
#else
  (void)argc;
  return 0;
#endif
}

Determining if the epoll_create exist passed with the following output:
Change Dir: /home/asridharan/projects/ric-co/ric-plt/lib/rmr/build/ext_nng-prefix/src/ext_nng-build/CMakeFiles/CMakeTmp

Run Build Command:"/usr/bin/make" "cmTC_67718/fast"
make[3]: Entering directory '/home/asridharan/projects/ric-co/ric-plt/lib/rmr/build/ext_nng-prefix/src/ext_nng-build/CMakeFiles/CMakeTmp'
/usr/bin/make -f CMakeFiles/cmTC_67718.dir/build.make CMakeFiles/cmTC_67718.dir/build
make[4]: Entering directory '/home/asridharan/projects/ric-co/ric-plt/lib/rmr/build/ext_nng-prefix/src/ext_nng-build/CMakeFiles/CMakeTmp'
Building C object CMakeFiles/cmTC_67718.dir/CheckSymbolExists.c.o
/usr/bin/cc    -Wall -Wextra -fno-omit-frame-pointer      -o CMakeFiles/cmTC_67718.dir/CheckSymbolExists.c.o   -c /home/asridharan/projects/ric-co/ric-plt/lib/rmr/build/ext_nng-prefix/src/ext_nng-build/CMakeFiles/CMakeTmp/CheckSymbolExists.c
Linking C executable cmTC_67718
/usr/bin/cmake -E cmake_link_script CMakeFiles/cmTC_67718.dir/link.txt --verbose=1
/usr/bin/cc   -Wall -Wextra -fno-omit-frame-pointer       CMakeFiles/cmTC_67718.dir/CheckSymbolExists.c.o  -o cmTC_67718 -rdynamic 
make[4]: Leaving directory '/home/asridharan/projects/ric-co/ric-plt/lib/rmr/build/ext_nng-prefix/src/ext_nng-build/CMakeFiles/CMakeTmp'
make[3]: Leaving directory '/home/asridharan/projects/ric-co/ric-plt/lib/rmr/build/ext_nng-prefix/src/ext_nng-build/CMakeFiles/CMakeTmp'

File /home/asridharan/projects/ric-co/ric-plt/lib/rmr/build/ext_nng-prefix/src/ext_nng-build/CMakeFiles/CMakeTmp/CheckSymbolExists.c:
/* */
#include <sys/epoll.h>

int main(int argc, char** argv)
{
  (void)argv;
#ifndef epoll_create
  return ((int*)(&epoll_create))[argc];
#else
  (void)argc;
  return 0;
#endif
}

Determining if the epoll_create1 exist passed with the following output:
Change Dir: /home/asridharan/projects/ric-co/ric-plt/lib/rmr/build/ext_nng-prefix/src/ext_nng-build/CMakeFiles/CMakeTmp

Run Build Command:"/usr/bin/make" "cmTC_484a8/fast"
make[3]: Entering directory '/home/asridharan/projects/ric-co/ric-plt/lib/rmr/build/ext_nng-prefix/src/ext_nng-build/CMakeFiles/CMakeTmp'
/usr/bin/make -f CMakeFiles/cmTC_484a8.dir/build.make CMakeFiles/cmTC_484a8.dir/build
make[4]: Entering directory '/home/asridharan/projects/ric-co/ric-plt/lib/rmr/build/ext_nng-prefix/src/ext_nng-build/CMakeFiles/CMakeTmp'
Building C object CMakeFiles/cmTC_484a8.dir/CheckSymbolExists.c.o
/usr/bin/cc    -Wall -Wextra -fno-omit-frame-pointer      -o CMakeFiles/cmTC_484a8.dir/CheckSymbolExists.c.o   -c /home/asridharan/projects/ric-co/ric-plt/lib/rmr/build/ext_nng-prefix/src/ext_nng-build/CMakeFiles/CMakeTmp/CheckSymbolExists.c
Linking C executable cmTC_484a8
/usr/bin/cmake -E cmake_link_script CMakeFiles/cmTC_484a8.dir/link.txt --verbose=1
/usr/bin/cc   -Wall -Wextra -fno-omit-frame-pointer       CMakeFiles/cmTC_484a8.dir/CheckSymbolExists.c.o  -o cmTC_484a8 -rdynamic 
make[4]: Leaving directory '/home/asridharan/projects/ric-co/ric-plt/lib/rmr/build/ext_nng-prefix/src/ext_nng-build/CMakeFiles/CMakeTmp'
make[3]: Leaving directory '/home/asridharan/projects/ric-co/ric-plt/lib/rmr/build/ext_nng-prefix/src/ext_nng-build/CMakeFiles/CMakeTmp'

File /home/asridharan/projects/ric-co/ric-plt/lib/rmr/build/ext_nng-prefix/src/ext_nng-build/CMakeFiles/CMakeTmp/CheckSymbolExists.c:
/* */
#include <sys/epoll.h>

int main(int argc, char** argv)
{
  (void)argv;
#ifndef epoll_create1
  return ((int*)(&epoll_create1))[argc];
#else
  (void)argc;
  return 0;
#endif
}

Determining if the SO_PEERCRED exist passed with the following output:
Change Dir: /home/asridharan/projects/ric-co/ric-plt/lib/rmr/build/ext_nng-prefix/src/ext_nng-build/CMakeFiles/CMakeTmp

Run Build Command:"/usr/bin/make" "cmTC_a3e83/fast"
make[3]: Entering directory '/home/asridharan/projects/ric-co/ric-plt/lib/rmr/build/ext_nng-prefix/src/ext_nng-build/CMakeFiles/CMakeTmp'
/usr/bin/make -f CMakeFiles/cmTC_a3e83.dir/build.make CMakeFiles/cmTC_a3e83.dir/build
make[4]: Entering directory '/home/asridharan/projects/ric-co/ric-plt/lib/rmr/build/ext_nng-prefix/src/ext_nng-build/CMakeFiles/CMakeTmp'
Building C object CMakeFiles/cmTC_a3e83.dir/CheckSymbolExists.c.o
/usr/bin/cc    -Wall -Wextra -fno-omit-frame-pointer      -o CMakeFiles/cmTC_a3e83.dir/CheckSymbolExists.c.o   -c /home/asridharan/projects/ric-co/ric-plt/lib/rmr/build/ext_nng-prefix/src/ext_nng-build/CMakeFiles/CMakeTmp/CheckSymbolExists.c
Linking C executable cmTC_a3e83
/usr/bin/cmake -E cmake_link_script CMakeFiles/cmTC_a3e83.dir/link.txt --verbose=1
/usr/bin/cc   -Wall -Wextra -fno-omit-frame-pointer       CMakeFiles/cmTC_a3e83.dir/CheckSymbolExists.c.o  -o cmTC_a3e83 -rdynamic 
make[4]: Leaving directory '/home/asridharan/projects/ric-co/ric-plt/lib/rmr/build/ext_nng-prefix/src/ext_nng-build/CMakeFiles/CMakeTmp'
make[3]: Leaving directory '/home/asridharan/projects/ric-co/ric-plt/lib/rmr/build/ext_nng-prefix/src/ext_nng-build/CMakeFiles/CMakeTmp'

File /home/asridharan/projects/ric-co/ric-plt/lib/rmr/build/ext_nng-prefix/src/ext_nng-build/CMakeFiles/CMakeTmp/CheckSymbolExists.c:
/* */
#include <sys/socket.h>

int main(int argc, char** argv)
{
  (void)argv;
#ifndef SO_PEERCRED
  return ((int*)(&SO_PEERCRED))[argc];
#else
  (void)argc;
  return 0;
#endif
}

Determining if the atomic_flag_test_and_set exist passed with the following output:
Change Dir: /home/asridharan/projects/ric-co/ric-plt/lib/rmr/build/ext_nng-prefix/src/ext_nng-build/CMakeFiles/CMakeTmp

Run Build Command:"/usr/bin/make" "cmTC_f1b42/fast"
make[3]: Entering directory '/home/asridharan/projects/ric-co/ric-plt/lib/rmr/build/ext_nng-prefix/src/ext_nng-build/CMakeFiles/CMakeTmp'
/usr/bin/make -f CMakeFiles/cmTC_f1b42.dir/build.make CMakeFiles/cmTC_f1b42.dir/build
make[4]: Entering directory '/home/asridharan/projects/ric-co/ric-plt/lib/rmr/build/ext_nng-prefix/src/ext_nng-build/CMakeFiles/CMakeTmp'
Building C object CMakeFiles/cmTC_f1b42.dir/CheckSymbolExists.c.o
/usr/bin/cc    -Wall -Wextra -fno-omit-frame-pointer      -o CMakeFiles/cmTC_f1b42.dir/CheckSymbolExists.c.o   -c /home/asridharan/projects/ric-co/ric-plt/lib/rmr/build/ext_nng-prefix/src/ext_nng-build/CMakeFiles/CMakeTmp/CheckSymbolExists.c
Linking C executable cmTC_f1b42
/usr/bin/cmake -E cmake_link_script CMakeFiles/cmTC_f1b42.dir/link.txt --verbose=1
/usr/bin/cc   -Wall -Wextra -fno-omit-frame-pointer       CMakeFiles/cmTC_f1b42.dir/CheckSymbolExists.c.o  -o cmTC_f1b42 -rdynamic 
make[4]: Leaving directory '/home/asridharan/projects/ric-co/ric-plt/lib/rmr/build/ext_nng-prefix/src/ext_nng-build/CMakeFiles/CMakeTmp'
make[3]: Leaving directory '/home/asridharan/projects/ric-co/ric-plt/lib/rmr/build/ext_nng-prefix/src/ext_nng-build/CMakeFiles/CMakeTmp'

File /home/asridharan/projects/ric-co/ric-plt/lib/rmr/build/ext_nng-prefix/src/ext_nng-build/CMakeFiles/CMakeTmp/CheckSymbolExists.c:
/* */
#include <stdatomic.h>

int main(int argc, char** argv)
{
  (void)argv;
#ifndef atomic_flag_test_and_set
  return ((int*)(&atomic_flag_test_and_set))[argc];
#else
  (void)argc;
  return 0;
#endif
}

Determining if the strnlen exist passed with the following output:
Change Dir: /home/asridharan/projects/ric-co/ric-plt/lib/rmr/build/ext_nng-prefix/src/ext_nng-build/CMakeFiles/CMakeTmp

Run Build Command:"/usr/bin/make" "cmTC_3906c/fast"
make[3]: Entering directory '/home/asridharan/projects/ric-co/ric-plt/lib/rmr/build/ext_nng-prefix/src/ext_nng-build/CMakeFiles/CMakeTmp'
/usr/bin/make -f CMakeFiles/cmTC_3906c.dir/build.make CMakeFiles/cmTC_3906c.dir/build
make[4]: Entering directory '/home/asridharan/projects/ric-co/ric-plt/lib/rmr/build/ext_nng-prefix/src/ext_nng-build/CMakeFiles/CMakeTmp'
Building C object CMakeFiles/cmTC_3906c.dir/CheckSymbolExists.c.o
/usr/bin/cc    -Wall -Wextra -fno-omit-frame-pointer      -o CMakeFiles/cmTC_3906c.dir/CheckSymbolExists.c.o   -c /home/asridharan/projects/ric-co/ric-plt/lib/rmr/build/ext_nng-prefix/src/ext_nng-build/CMakeFiles/CMakeTmp/CheckSymbolExists.c
Linking C executable cmTC_3906c
/usr/bin/cmake -E cmake_link_script CMakeFiles/cmTC_3906c.dir/link.txt --verbose=1
/usr/bin/cc   -Wall -Wextra -fno-omit-frame-pointer       CMakeFiles/cmTC_3906c.dir/CheckSymbolExists.c.o  -o cmTC_3906c -rdynamic 
make[4]: Leaving directory '/home/asridharan/projects/ric-co/ric-plt/lib/rmr/build/ext_nng-prefix/src/ext_nng-build/CMakeFiles/CMakeTmp'
make[3]: Leaving directory '/home/asridharan/projects/ric-co/ric-plt/lib/rmr/build/ext_nng-prefix/src/ext_nng-build/CMakeFiles/CMakeTmp'

File /home/asridharan/projects/ric-co/ric-plt/lib/rmr/build/ext_nng-prefix/src/ext_nng-build/CMakeFiles/CMakeTmp/CheckSymbolExists.c:
/* */
#include <string.h>

int main(int argc, char** argv)
{
  (void)argv;
#ifndef strnlen
  return ((int*)(&strnlen))[argc];
#else
  (void)argc;
  return 0;
#endif
}

Determining if the strcasecmp exist passed with the following output:
Change Dir: /home/asridharan/projects/ric-co/ric-plt/lib/rmr/build/ext_nng-prefix/src/ext_nng-build/CMakeFiles/CMakeTmp

Run Build Command:"/usr/bin/make" "cmTC_7dd7d/fast"
make[3]: Entering directory '/home/asridharan/projects/ric-co/ric-plt/lib/rmr/build/ext_nng-prefix/src/ext_nng-build/CMakeFiles/CMakeTmp'
/usr/bin/make -f CMakeFiles/cmTC_7dd7d.dir/build.make CMakeFiles/cmTC_7dd7d.dir/build
make[4]: Entering directory '/home/asridharan/projects/ric-co/ric-plt/lib/rmr/build/ext_nng-prefix/src/ext_nng-build/CMakeFiles/CMakeTmp'
Building C object CMakeFiles/cmTC_7dd7d.dir/CheckSymbolExists.c.o
/usr/bin/cc    -Wall -Wextra -fno-omit-frame-pointer      -o CMakeFiles/cmTC_7dd7d.dir/CheckSymbolExists.c.o   -c /home/asridharan/projects/ric-co/ric-plt/lib/rmr/build/ext_nng-prefix/src/ext_nng-build/CMakeFiles/CMakeTmp/CheckSymbolExists.c
Linking C executable cmTC_7dd7d
/usr/bin/cmake -E cmake_link_script CMakeFiles/cmTC_7dd7d.dir/link.txt --verbose=1
/usr/bin/cc   -Wall -Wextra -fno-omit-frame-pointer       CMakeFiles/cmTC_7dd7d.dir/CheckSymbolExists.c.o  -o cmTC_7dd7d -rdynamic 
make[4]: Leaving directory '/home/asridharan/projects/ric-co/ric-plt/lib/rmr/build/ext_nng-prefix/src/ext_nng-build/CMakeFiles/CMakeTmp'
make[3]: Leaving directory '/home/asridharan/projects/ric-co/ric-plt/lib/rmr/build/ext_nng-prefix/src/ext_nng-build/CMakeFiles/CMakeTmp'

File /home/asridharan/projects/ric-co/ric-plt/lib/rmr/build/ext_nng-prefix/src/ext_nng-build/CMakeFiles/CMakeTmp/CheckSymbolExists.c:
/* */
#include <string.h>

int main(int argc, char** argv)
{
  (void)argv;
#ifndef strcasecmp
  return ((int*)(&strcasecmp))[argc];
#else
  (void)argc;
  return 0;
#endif
}

Determining if the strncasecmp exist passed with the following output:
Change Dir: /home/asridharan/projects/ric-co/ric-plt/lib/rmr/build/ext_nng-prefix/src/ext_nng-build/CMakeFiles/CMakeTmp

Run Build Command:"/usr/bin/make" "cmTC_d123e/fast"
make[3]: Entering directory '/home/asridharan/projects/ric-co/ric-plt/lib/rmr/build/ext_nng-prefix/src/ext_nng-build/CMakeFiles/CMakeTmp'
/usr/bin/make -f CMakeFiles/cmTC_d123e.dir/build.make CMakeFiles/cmTC_d123e.dir/build
make[4]: Entering directory '/home/asridharan/projects/ric-co/ric-plt/lib/rmr/build/ext_nng-prefix/src/ext_nng-build/CMakeFiles/CMakeTmp'
Building C object CMakeFiles/cmTC_d123e.dir/CheckSymbolExists.c.o
/usr/bin/cc    -Wall -Wextra -fno-omit-frame-pointer      -o CMakeFiles/cmTC_d123e.dir/CheckSymbolExists.c.o   -c /home/asridharan/projects/ric-co/ric-plt/lib/rmr/build/ext_nng-prefix/src/ext_nng-build/CMakeFiles/CMakeTmp/CheckSymbolExists.c
Linking C executable cmTC_d123e
/usr/bin/cmake -E cmake_link_script CMakeFiles/cmTC_d123e.dir/link.txt --verbose=1
/usr/bin/cc   -Wall -Wextra -fno-omit-frame-pointer       CMakeFiles/cmTC_d123e.dir/CheckSymbolExists.c.o  -o cmTC_d123e -rdynamic 
make[4]: Leaving directory '/home/asridharan/projects/ric-co/ric-plt/lib/rmr/build/ext_nng-prefix/src/ext_nng-build/CMakeFiles/CMakeTmp'
make[3]: Leaving directory '/home/asridharan/projects/ric-co/ric-plt/lib/rmr/build/ext_nng-prefix/src/ext_nng-build/CMakeFiles/CMakeTmp'

File /home/asridharan/projects/ric-co/ric-plt/lib/rmr/build/ext_nng-prefix/src/ext_nng-build/CMakeFiles/CMakeTmp/CheckSymbolExists.c:
/* */
#include <string.h>

int main(int argc, char** argv)
{
  (void)argv;
#ifndef strncasecmp
  return ((int*)(&strncasecmp))[argc];
#else
  (void)argc;
  return 0;
#endif
}

Determining if the nl_langinfo exist passed with the following output:
Change Dir: /home/asridharan/projects/ric-co/ric-plt/lib/rmr/build/ext_nng-prefix/src/ext_nng-build/CMakeFiles/CMakeTmp

Run Build Command:"/usr/bin/make" "cmTC_bffca/fast"
make[3]: Entering directory '/home/asridharan/projects/ric-co/ric-plt/lib/rmr/build/ext_nng-prefix/src/ext_nng-build/CMakeFiles/CMakeTmp'
/usr/bin/make -f CMakeFiles/cmTC_bffca.dir/build.make CMakeFiles/cmTC_bffca.dir/build
make[4]: Entering directory '/home/asridharan/projects/ric-co/ric-plt/lib/rmr/build/ext_nng-prefix/src/ext_nng-build/CMakeFiles/CMakeTmp'
Building C object CMakeFiles/cmTC_bffca.dir/CheckSymbolExists.c.o
/usr/bin/cc    -Wall -Wextra -fno-omit-frame-pointer      -o CMakeFiles/cmTC_bffca.dir/CheckSymbolExists.c.o   -c /home/asridharan/projects/ric-co/ric-plt/lib/rmr/build/ext_nng-prefix/src/ext_nng-build/CMakeFiles/CMakeTmp/CheckSymbolExists.c
Linking C executable cmTC_bffca
/usr/bin/cmake -E cmake_link_script CMakeFiles/cmTC_bffca.dir/link.txt --verbose=1
/usr/bin/cc   -Wall -Wextra -fno-omit-frame-pointer       CMakeFiles/cmTC_bffca.dir/CheckSymbolExists.c.o  -o cmTC_bffca -rdynamic 
make[4]: Leaving directory '/home/asridharan/projects/ric-co/ric-plt/lib/rmr/build/ext_nng-prefix/src/ext_nng-build/CMakeFiles/CMakeTmp'
make[3]: Leaving directory '/home/asridharan/projects/ric-co/ric-plt/lib/rmr/build/ext_nng-prefix/src/ext_nng-build/CMakeFiles/CMakeTmp'

File /home/asridharan/projects/ric-co/ric-plt/lib/rmr/build/ext_nng-prefix/src/ext_nng-build/CMakeFiles/CMakeTmp/CheckSymbolExists.c:
/* */
#include <langinfo.h>

int main(int argc, char** argv)
{
  (void)argv;
#ifndef nl_langinfo
  return ((int*)(&nl_langinfo))[argc];
#else
  (void)argc;
  return 0;
#endif
}

Compiling the CXX compiler identification source file "CMakeCXXCompilerId.cpp" succeeded.
Compiler: /usr/bin/c++ 
Build flags: ;-Wall;-Wextra;-fno-omit-frame-pointer;;
Id flags: 

The output was:
0


Compilation of the CXX compiler identification source "CMakeCXXCompilerId.cpp" produced "a.out"

The CXX compiler identification is GNU, found in "/home/asridharan/projects/ric-co/ric-plt/lib/rmr/build/ext_nng-prefix/src/ext_nng-build/CMakeFiles/3.5.1/CompilerIdCXX/a.out"

Determining if the CXX compiler works passed with the following output:
Change Dir: /home/asridharan/projects/ric-co/ric-plt/lib/rmr/build/ext_nng-prefix/src/ext_nng-build/CMakeFiles/CMakeTmp

Run Build Command:"/usr/bin/make" "cmTC_7cea0/fast"
make[3]: Entering directory '/home/asridharan/projects/ric-co/ric-plt/lib/rmr/build/ext_nng-prefix/src/ext_nng-build/CMakeFiles/CMakeTmp'
/usr/bin/make -f CMakeFiles/cmTC_7cea0.dir/build.make CMakeFiles/cmTC_7cea0.dir/build
make[4]: Entering directory '/home/asridharan/projects/ric-co/ric-plt/lib/rmr/build/ext_nng-prefix/src/ext_nng-build/CMakeFiles/CMakeTmp'
Building CXX object CMakeFiles/cmTC_7cea0.dir/testCXXCompiler.cxx.o
/usr/bin/c++      -o CMakeFiles/cmTC_7cea0.dir/testCXXCompiler.cxx.o -c /home/asridharan/projects/ric-co/ric-plt/lib/rmr/build/ext_nng-prefix/src/ext_nng-build/CMakeFiles/CMakeTmp/testCXXCompiler.cxx
Linking CXX executable cmTC_7cea0
/usr/bin/cmake -E cmake_link_script CMakeFiles/cmTC_7cea0.dir/link.txt --verbose=1
/usr/bin/c++        CMakeFiles/cmTC_7cea0.dir/testCXXCompiler.cxx.o  -o cmTC_7cea0 -rdynamic 
make[4]: Leaving directory '/home/asridharan/projects/ric-co/ric-plt/lib/rmr/build/ext_nng-prefix/src/ext_nng-build/CMakeFiles/CMakeTmp'
make[3]: Leaving directory '/home/asridharan/projects/ric-co/ric-plt/lib/rmr/build/ext_nng-prefix/src/ext_nng-build/CMakeFiles/CMakeTmp'


Detecting CXX compiler ABI info compiled with the following output:
Change Dir: /home/asridharan/projects/ric-co/ric-plt/lib/rmr/build/ext_nng-prefix/src/ext_nng-build/CMakeFiles/CMakeTmp

Run Build Command:"/usr/bin/make" "cmTC_6c708/fast"
make[3]: Entering directory '/home/asridharan/projects/ric-co/ric-plt/lib/rmr/build/ext_nng-prefix/src/ext_nng-build/CMakeFiles/CMakeTmp'
/usr/bin/make -f CMakeFiles/cmTC_6c708.dir/build.make CMakeFiles/cmTC_6c708.dir/build
make[4]: Entering directory '/home/asridharan/projects/ric-co/ric-plt/lib/rmr/build/ext_nng-prefix/src/ext_nng-build/CMakeFiles/CMakeTmp'
Building CXX object CMakeFiles/cmTC_6c708.dir/CMakeCXXCompilerABI.cpp.o
/usr/bin/c++      -o CMakeFiles/cmTC_6c708.dir/CMakeCXXCompilerABI.cpp.o -c /usr/share/cmake-3.5/Modules/CMakeCXXCompilerABI.cpp
Linking CXX executable cmTC_6c708
/usr/bin/cmake -E cmake_link_script CMakeFiles/cmTC_6c708.dir/link.txt --verbose=1
/usr/bin/c++       -v CMakeFiles/cmTC_6c708.dir/CMakeCXXCompilerABI.cpp.o  -o cmTC_6c708 -rdynamic  
Using built-in specs.
COLLECT_GCC=/usr/bin/c++
COLLECT_LTO_WRAPPER=/usr/lib/gcc/x86_64-linux-gnu/5/lto-wrapper
Target: x86_64-linux-gnu
Configured with: ../src/configure -v --with-pkgversion='Ubuntu 5.4.0-6ubuntu1~16.04.11' --with-bugurl=file:///usr/share/doc/gcc-5/README.Bugs --enable-languages=c,ada,c++,java,go,d,fortran,objc,obj-c++ --prefix=/usr --program-suffix=-5 --enable-shared --enable-linker-build-id --libexecdir=/usr/lib --without-included-gettext --enable-threads=posix --libdir=/usr/lib --enable-nls --with-sysroot=/ --enable-clocale=gnu --enable-libstdcxx-debug --enable-libstdcxx-time=yes --with-default-libstdcxx-abi=new --enable-gnu-unique-object --disable-vtable-verify --enable-libmpx --enable-plugin --with-system-zlib --disable-browser-plugin --enable-java-awt=gtk --enable-gtk-cairo --with-java-home=/usr/lib/jvm/java-1.5.0-gcj-5-amd64/jre --enable-java-home --with-jvm-root-dir=/usr/lib/jvm/java-1.5.0-gcj-5-amd64 --with-jvm-jar-dir=/usr/lib/jvm-exports/java-1.5.0-gcj-5-amd64 --with-arch-directory=amd64 --with-ecj-jar=/usr/share/java/eclipse-ecj.jar --enable-objc-gc --enable-multiarch --disable-werror --with-arch-32=i686 --with-abi=m64 --with-multilib-list=m32,m64,mx32 --enable-multilib --with-tune=generic --enable-checking=release --build=x86_64-linux-gnu --host=x86_64-linux-gnu --target=x86_64-linux-gnu
Thread model: posix
gcc version 5.4.0 20160609 (Ubuntu 5.4.0-6ubuntu1~16.04.11) 
COMPILER_PATH=/usr/lib/gcc/x86_64-linux-gnu/5/:/usr/lib/gcc/x86_64-linux-gnu/5/:/usr/lib/gcc/x86_64-linux-gnu/:/usr/lib/gcc/x86_64-linux-gnu/5/:/usr/lib/gcc/x86_64-linux-gnu/
LIBRARY_PATH=/usr/local/lib/../lib/:/opt/5g/nng/lib/../lib/:/opt/5g/nanomsg/lib/../lib/:/usr/lib/gcc/x86_64-linux-gnu/5/:/usr/lib/gcc/x86_64-linux-gnu/5/../../../x86_64-linux-gnu/:/usr/lib/gcc/x86_64-linux-gnu/5/../../../../lib/:/lib/x86_64-linux-gnu/:/lib/../lib/:/usr/lib/x86_64-linux-gnu/:/usr/lib/../lib/:./:/usr/local/lib/:/opt/5g/nng/lib/:/opt/5g/uta/:/opt/5g/nanomsg/lib/:/usr/lib/gcc/x86_64-linux-gnu/5/../../../:/lib/:/usr/lib/
COLLECT_GCC_OPTIONS='-v' '-o' 'cmTC_6c708' '-rdynamic' '-shared-libgcc' '-mtune=generic' '-march=x86-64'
 /usr/lib/gcc/x86_64-linux-gnu/5/collect2 -plugin /usr/lib/gcc/x86_64-linux-gnu/5/liblto_plugin.so -plugin-opt=/usr/lib/gcc/x86_64-linux-gnu/5/lto-wrapper -plugin-opt=-fresolution=/tmp/ccyIyfEk.res -plugin-opt=-pass-through=-lgcc_s -plugin-opt=-pass-through=-lgcc -plugin-opt=-pass-through=-lc -plugin-opt=-pass-through=-lgcc_s -plugin-opt=-pass-through=-lgcc --sysroot=/ --build-id --eh-frame-hdr -m elf_x86_64 --hash-style=gnu --as-needed -export-dynamic -dynamic-linker /lib64/ld-linux-x86-64.so.2 -z relro -o cmTC_6c708 /usr/lib/gcc/x86_64-linux-gnu/5/../../../x86_64-linux-gnu/crt1.o /usr/lib/gcc/x86_64-linux-gnu/5/../../../x86_64-linux-gnu/crti.o /usr/lib/gcc/x86_64-linux-gnu/5/crtbegin.o -L/usr/local/lib/../lib -L/opt/5g/nng/lib/../lib -L/opt/5g/nanomsg/lib/../lib -L/usr/lib/gcc/x86_64-linux-gnu/5 -L/usr/lib/gcc/x86_64-linux-gnu/5/../../../x86_64-linux-gnu -L/usr/lib/gcc/x86_64-linux-gnu/5/../../../../lib -L/lib/x86_64-linux-gnu -L/lib/../lib -L/usr/lib/x86_64-linux-gnu -L/usr/lib/../lib -L. -L/usr/local/lib -L/opt/5g/nng/lib -L/opt/5g/uta -L/opt/5g/nanomsg/lib -L/usr/lib/gcc/x86_64-linux-gnu/5/../../.. CMakeFiles/cmTC_6c708.dir/CMakeCXXCompilerABI.cpp.o -lstdc++ -lm -lgcc_s -lgcc -lc -lgcc_s -lgcc /usr/lib/gcc/x86_64-linux-gnu/5/crtend.o /usr/lib/gcc/x86_64-linux-gnu/5/../../../x86_64-linux-gnu/crtn.o
make[4]: Leaving directory '/home/asridharan/projects/ric-co/ric-plt/lib/rmr/build/ext_nng-prefix/src/ext_nng-build/CMakeFiles/CMakeTmp'
make[3]: Leaving directory '/home/asridharan/projects/ric-co/ric-plt/lib/rmr/build/ext_nng-prefix/src/ext_nng-build/CMakeFiles/CMakeTmp'


Parsed CXX implicit link information from above output:
  link line regex: [^( *|.*[/\])(ld|([^/\]+-)?ld|collect2)[^/\]*( |$)]
  ignore line: [Change Dir: /home/asridharan/projects/ric-co/ric-plt/lib/rmr/build/ext_nng-prefix/src/ext_nng-build/CMakeFiles/CMakeTmp]
  ignore line: []
  ignore line: [Run Build Command:"/usr/bin/make" "cmTC_6c708/fast"]
  ignore line: [make[3]: Entering directory '/home/asridharan/projects/ric-co/ric-plt/lib/rmr/build/ext_nng-prefix/src/ext_nng-build/CMakeFiles/CMakeTmp']
  ignore line: [/usr/bin/make -f CMakeFiles/cmTC_6c708.dir/build.make CMakeFiles/cmTC_6c708.dir/build]
  ignore line: [make[4]: Entering directory '/home/asridharan/projects/ric-co/ric-plt/lib/rmr/build/ext_nng-prefix/src/ext_nng-build/CMakeFiles/CMakeTmp']
  ignore line: [Building CXX object CMakeFiles/cmTC_6c708.dir/CMakeCXXCompilerABI.cpp.o]
  ignore line: [/usr/bin/c++      -o CMakeFiles/cmTC_6c708.dir/CMakeCXXCompilerABI.cpp.o -c /usr/share/cmake-3.5/Modules/CMakeCXXCompilerABI.cpp]
  ignore line: [Linking CXX executable cmTC_6c708]
  ignore line: [/usr/bin/cmake -E cmake_link_script CMakeFiles/cmTC_6c708.dir/link.txt --verbose=1]
  ignore line: [/usr/bin/c++       -v CMakeFiles/cmTC_6c708.dir/CMakeCXXCompilerABI.cpp.o  -o cmTC_6c708 -rdynamic  ]
  ignore line: [Using built-in specs.]
  ignore line: [COLLECT_GCC=/usr/bin/c++]
  ignore line: [COLLECT_LTO_WRAPPER=/usr/lib/gcc/x86_64-linux-gnu/5/lto-wrapper]
  ignore line: [Target: x86_64-linux-gnu]
  ignore line: [Configured with: ../src/configure -v --with-pkgversion='Ubuntu 5.4.0-6ubuntu1~16.04.11' --with-bugurl=file:///usr/share/doc/gcc-5/README.Bugs --enable-languages=c,ada,c++,java,go,d,fortran,objc,obj-c++ --prefix=/usr --program-suffix=-5 --enable-shared --enable-linker-build-id --libexecdir=/usr/lib --without-included-gettext --enable-threads=posix --libdir=/usr/lib --enable-nls --with-sysroot=/ --enable-clocale=gnu --enable-libstdcxx-debug --enable-libstdcxx-time=yes --with-default-libstdcxx-abi=new --enable-gnu-unique-object --disable-vtable-verify --enable-libmpx --enable-plugin --with-system-zlib --disable-browser-plugin --enable-java-awt=gtk --enable-gtk-cairo --with-java-home=/usr/lib/jvm/java-1.5.0-gcj-5-amd64/jre --enable-java-home --with-jvm-root-dir=/usr/lib/jvm/java-1.5.0-gcj-5-amd64 --with-jvm-jar-dir=/usr/lib/jvm-exports/java-1.5.0-gcj-5-amd64 --with-arch-directory=amd64 --with-ecj-jar=/usr/share/java/eclipse-ecj.jar --enable-objc-gc --enable-multiarch --disable-werror --with-arch-32=i686 --with-abi=m64 --with-multilib-list=m32,m64,mx32 --enable-multilib --with-tune=generic --enable-checking=release --build=x86_64-linux-gnu --host=x86_64-linux-gnu --target=x86_64-linux-gnu]
  ignore line: [Thread model: posix]
  ignore line: [gcc version 5.4.0 20160609 (Ubuntu 5.4.0-6ubuntu1~16.04.11) ]
  ignore line: [COMPILER_PATH=/usr/lib/gcc/x86_64-linux-gnu/5/:/usr/lib/gcc/x86_64-linux-gnu/5/:/usr/lib/gcc/x86_64-linux-gnu/:/usr/lib/gcc/x86_64-linux-gnu/5/:/usr/lib/gcc/x86_64-linux-gnu/]
  ignore line: [LIBRARY_PATH=/usr/local/lib/../lib/:/opt/5g/nng/lib/../lib/:/opt/5g/nanomsg/lib/../lib/:/usr/lib/gcc/x86_64-linux-gnu/5/:/usr/lib/gcc/x86_64-linux-gnu/5/../../../x86_64-linux-gnu/:/usr/lib/gcc/x86_64-linux-gnu/5/../../../../lib/:/lib/x86_64-linux-gnu/:/lib/../lib/:/usr/lib/x86_64-linux-gnu/:/usr/lib/../lib/:./:/usr/local/lib/:/opt/5g/nng/lib/:/opt/5g/uta/:/opt/5g/nanomsg/lib/:/usr/lib/gcc/x86_64-linux-gnu/5/../../../:/lib/:/usr/lib/]
  ignore line: [COLLECT_GCC_OPTIONS='-v' '-o' 'cmTC_6c708' '-rdynamic' '-shared-libgcc' '-mtune=generic' '-march=x86-64']
  link line: [ /usr/lib/gcc/x86_64-linux-gnu/5/collect2 -plugin /usr/lib/gcc/x86_64-linux-gnu/5/liblto_plugin.so -plugin-opt=/usr/lib/gcc/x86_64-linux-gnu/5/lto-wrapper -plugin-opt=-fresolution=/tmp/ccyIyfEk.res -plugin-opt=-pass-through=-lgcc_s -plugin-opt=-pass-through=-lgcc -plugin-opt=-pass-through=-lc -plugin-opt=-pass-through=-lgcc_s -plugin-opt=-pass-through=-lgcc --sysroot=/ --build-id --eh-frame-hdr -m elf_x86_64 --hash-style=gnu --as-needed -export-dynamic -dynamic-linker /lib64/ld-linux-x86-64.so.2 -z relro -o cmTC_6c708 /usr/lib/gcc/x86_64-linux-gnu/5/../../../x86_64-linux-gnu/crt1.o /usr/lib/gcc/x86_64-linux-gnu/5/../../../x86_64-linux-gnu/crti.o /usr/lib/gcc/x86_64-linux-gnu/5/crtbegin.o -L/usr/local/lib/../lib -L/opt/5g/nng/lib/../lib -L/opt/5g/nanomsg/lib/../lib -L/usr/lib/gcc/x86_64-linux-gnu/5 -L/usr/lib/gcc/x86_64-linux-gnu/5/../../../x86_64-linux-gnu -L/usr/lib/gcc/x86_64-linux-gnu/5/../../../../lib -L/lib/x86_64-linux-gnu -L/lib/../lib -L/usr/lib/x86_64-linux-gnu -L/usr/lib/../lib -L. -L/usr/local/lib -L/opt/5g/nng/lib -L/opt/5g/uta -L/opt/5g/nanomsg/lib -L/usr/lib/gcc/x86_64-linux-gnu/5/../../.. CMakeFiles/cmTC_6c708.dir/CMakeCXXCompilerABI.cpp.o -lstdc++ -lm -lgcc_s -lgcc -lc -lgcc_s -lgcc /usr/lib/gcc/x86_64-linux-gnu/5/crtend.o /usr/lib/gcc/x86_64-linux-gnu/5/../../../x86_64-linux-gnu/crtn.o]
    arg [/usr/lib/gcc/x86_64-linux-gnu/5/collect2] ==> ignore
    arg [-plugin] ==> ignore
    arg [/usr/lib/gcc/x86_64-linux-gnu/5/liblto_plugin.so] ==> ignore
    arg [-plugin-opt=/usr/lib/gcc/x86_64-linux-gnu/5/lto-wrapper] ==> ignore
    arg [-plugin-opt=-fresolution=/tmp/ccyIyfEk.res] ==> ignore
    arg [-plugin-opt=-pass-through=-lgcc_s] ==> ignore
    arg [-plugin-opt=-pass-through=-lgcc] ==> ignore
    arg [-plugin-opt=-pass-through=-lc] ==> ignore
    arg [-plugin-opt=-pass-through=-lgcc_s] ==> ignore
    arg [-plugin-opt=-pass-through=-lgcc] ==> ignore
    arg [--sysroot=/] ==> ignore
    arg [--build-id] ==> ignore
    arg [--eh-frame-hdr] ==> ignore
    arg [-m] ==> ignore
    arg [elf_x86_64] ==> ignore
    arg [--hash-style=gnu] ==> ignore
    arg [--as-needed] ==> ignore
    arg [-export-dynamic] ==> ignore
    arg [-dynamic-linker] ==> ignore
    arg [/lib64/ld-linux-x86-64.so.2] ==> ignore
    arg [-zrelro] ==> ignore
    arg [-o] ==> ignore
    arg [cmTC_6c708] ==> ignore
    arg [/usr/lib/gcc/x86_64-linux-gnu/5/../../../x86_64-linux-gnu/crt1.o] ==> ignore
    arg [/usr/lib/gcc/x86_64-linux-gnu/5/../../../x86_64-linux-gnu/crti.o] ==> ignore
    arg [/usr/lib/gcc/x86_64-linux-gnu/5/crtbegin.o] ==> ignore
    arg [-L/usr/local/lib/../lib] ==> dir [/usr/local/lib/../lib]
    arg [-L/opt/5g/nng/lib/../lib] ==> dir [/opt/5g/nng/lib/../lib]
    arg [-L/opt/5g/nanomsg/lib/../lib] ==> dir [/opt/5g/nanomsg/lib/../lib]
    arg [-L/usr/lib/gcc/x86_64-linux-gnu/5] ==> dir [/usr/lib/gcc/x86_64-linux-gnu/5]
    arg [-L/usr/lib/gcc/x86_64-linux-gnu/5/../../../x86_64-linux-gnu] ==> dir [/usr/lib/gcc/x86_64-linux-gnu/5/../../../x86_64-linux-gnu]
    arg [-L/usr/lib/gcc/x86_64-linux-gnu/5/../../../../lib] ==> dir [/usr/lib/gcc/x86_64-linux-gnu/5/../../../../lib]
    arg [-L/lib/x86_64-linux-gnu] ==> dir [/lib/x86_64-linux-gnu]
    arg [-L/lib/../lib] ==> dir [/lib/../lib]
    arg [-L/usr/lib/x86_64-linux-gnu] ==> dir [/usr/lib/x86_64-linux-gnu]
    arg [-L/usr/lib/../lib] ==> dir [/usr/lib/../lib]
    arg [-L.] ==> ignore
    arg [-L/usr/local/lib] ==> dir [/usr/local/lib]
    arg [-L/opt/5g/nng/lib] ==> dir [/opt/5g/nng/lib]
    arg [-L/opt/5g/uta] ==> dir [/opt/5g/uta]
    arg [-L/opt/5g/nanomsg/lib] ==> dir [/opt/5g/nanomsg/lib]
    arg [-L/usr/lib/gcc/x86_64-linux-gnu/5/../../..] ==> dir [/usr/lib/gcc/x86_64-linux-gnu/5/../../..]
    arg [CMakeFiles/cmTC_6c708.dir/CMakeCXXCompilerABI.cpp.o] ==> ignore
    arg [-lstdc++] ==> lib [stdc++]
    arg [-lm] ==> lib [m]
    arg [-lgcc_s] ==> lib [gcc_s]
    arg [-lgcc] ==> lib [gcc]
    arg [-lc] ==> lib [c]
    arg [-lgcc_s] ==> lib [gcc_s]
    arg [-lgcc] ==> lib [gcc]
    arg [/usr/lib/gcc/x86_64-linux-gnu/5/crtend.o] ==> ignore
    arg [/usr/lib/gcc/x86_64-linux-gnu/5/../../../x86_64-linux-gnu/crtn.o] ==> ignore
  remove lib [gcc_s]
  remove lib [gcc]
  remove lib [gcc_s]
  remove lib [gcc]
  collapse library dir [/usr/local/lib/../lib] ==> [/usr/local/lib]
  collapse library dir [/opt/5g/nng/lib/../lib] ==> [/opt/5g/nng/lib]
  collapse library dir [/opt/5g/nanomsg/lib/../lib] ==> [/opt/5g/nanomsg/lib]
  collapse library dir [/usr/lib/gcc/x86_64-linux-gnu/5] ==> [/usr/lib/gcc/x86_64-linux-gnu/5]
  collapse library dir [/usr/lib/gcc/x86_64-linux-gnu/5/../../../x86_64-linux-gnu] ==> [/usr/lib/x86_64-linux-gnu]
  collapse library dir [/usr/lib/gcc/x86_64-linux-gnu/5/../../../../lib] ==> [/usr/lib]
  collapse library dir [/lib/x86_64-linux-gnu] ==> [/lib/x86_64-linux-gnu]
  collapse library dir [/lib/../lib] ==> [/lib]
  collapse library dir [/usr/lib/x86_64-linux-gnu] ==> [/usr/lib/x86_64-linux-gnu]
  collapse library dir [/usr/lib/../lib] ==> [/usr/lib]
  collapse library dir [/usr/local/lib] ==> [/usr/local/lib]
  collapse library dir [/opt/5g/nng/lib] ==> [/opt/5g/nng/lib]
  collapse library dir [/opt/5g/uta] ==> [/opt/5g/uta]
  collapse library dir [/opt/5g/nanomsg/lib] ==> [/opt/5g/nanomsg/lib]
  collapse library dir [/usr/lib/gcc/x86_64-linux-gnu/5/../../..] ==> [/usr/lib]
  implicit libs: [stdc++;m;c]
  implicit dirs: [/usr/local/lib;/opt/5g/nng/lib;/opt/5g/nanomsg/lib;/usr/lib/gcc/x86_64-linux-gnu/5;/usr/lib/x86_64-linux-gnu;/usr/lib;/lib/x86_64-linux-gnu;/lib;/opt/5g/uta]
  implicit fwks: []




Detecting CXX [-std=c++14] compiler features compiled with the following output:
Change Dir: /home/asridharan/projects/ric-co/ric-plt/lib/rmr/build/ext_nng-prefix/src/ext_nng-build/CMakeFiles/CMakeTmp

Run Build Command:"/usr/bin/make" "cmTC_10b4f/fast"
make[3]: Entering directory '/home/asridharan/projects/ric-co/ric-plt/lib/rmr/build/ext_nng-prefix/src/ext_nng-build/CMakeFiles/CMakeTmp'
/usr/bin/make -f CMakeFiles/cmTC_10b4f.dir/build.make CMakeFiles/cmTC_10b4f.dir/build
make[4]: Entering directory '/home/asridharan/projects/ric-co/ric-plt/lib/rmr/build/ext_nng-prefix/src/ext_nng-build/CMakeFiles/CMakeTmp'
Building CXX object CMakeFiles/cmTC_10b4f.dir/feature_tests.cxx.o
/usr/bin/c++     -std=c++14 -o CMakeFiles/cmTC_10b4f.dir/feature_tests.cxx.o -c /home/asridharan/projects/ric-co/ric-plt/lib/rmr/build/ext_nng-prefix/src/ext_nng-build/CMakeFiles/feature_tests.cxx
Linking CXX executable cmTC_10b4f
/usr/bin/cmake -E cmake_link_script CMakeFiles/cmTC_10b4f.dir/link.txt --verbose=1
/usr/bin/c++        CMakeFiles/cmTC_10b4f.dir/feature_tests.cxx.o  -o cmTC_10b4f -rdynamic 
make[4]: Leaving directory '/home/asridharan/projects/ric-co/ric-plt/lib/rmr/build/ext_nng-prefix/src/ext_nng-build/CMakeFiles/CMakeTmp'
make[3]: Leaving directory '/home/asridharan/projects/ric-co/ric-plt/lib/rmr/build/ext_nng-prefix/src/ext_nng-build/CMakeFiles/CMakeTmp'


    Feature record: CXX_FEATURE:1cxx_aggregate_default_initializers
    Feature record: CXX_FEATURE:1cxx_alias_templates
    Feature record: CXX_FEATURE:1cxx_alignas
    Feature record: CXX_FEATURE:1cxx_alignof
    Feature record: CXX_FEATURE:1cxx_attributes
    Feature record: CXX_FEATURE:1cxx_attribute_deprecated
    Feature record: CXX_FEATURE:1cxx_auto_type
    Feature record: CXX_FEATURE:1cxx_binary_literals
    Feature record: CXX_FEATURE:1cxx_constexpr
    Feature record: CXX_FEATURE:1cxx_contextual_conversions
    Feature record: CXX_FEATURE:1cxx_decltype
    Feature record: CXX_FEATURE:1cxx_decltype_auto
    Feature record: CXX_FEATURE:1cxx_decltype_incomplete_return_types
    Feature record: CXX_FEATURE:1cxx_default_function_template_args
    Feature record: CXX_FEATURE:1cxx_defaulted_functions
    Feature record: CXX_FEATURE:1cxx_defaulted_move_initializers
    Feature record: CXX_FEATURE:1cxx_delegating_constructors
    Feature record: CXX_FEATURE:1cxx_deleted_functions
    Feature record: CXX_FEATURE:1cxx_digit_separators
    Feature record: CXX_FEATURE:1cxx_enum_forward_declarations
    Feature record: CXX_FEATURE:1cxx_explicit_conversions
    Feature record: CXX_FEATURE:1cxx_extended_friend_declarations
    Feature record: CXX_FEATURE:1cxx_extern_templates
    Feature record: CXX_FEATURE:1cxx_final
    Feature record: CXX_FEATURE:1cxx_func_identifier
    Feature record: CXX_FEATURE:1cxx_generalized_initializers
    Feature record: CXX_FEATURE:1cxx_generic_lambdas
    Feature record: CXX_FEATURE:1cxx_inheriting_constructors
    Feature record: CXX_FEATURE:1cxx_inline_namespaces
    Feature record: CXX_FEATURE:1cxx_lambdas
    Feature record: CXX_FEATURE:1cxx_lambda_init_captures
    Feature record: CXX_FEATURE:1cxx_local_type_template_args
    Feature record: CXX_FEATURE:1cxx_long_long_type
    Feature record: CXX_FEATURE:1cxx_noexcept
    Feature record: CXX_FEATURE:1cxx_nonstatic_member_init
    Feature record: CXX_FEATURE:1cxx_nullptr
    Feature record: CXX_FEATURE:1cxx_override
    Feature record: CXX_FEATURE:1cxx_range_for
    Feature record: CXX_FEATURE:1cxx_raw_string_literals
    Feature record: CXX_FEATURE:1cxx_reference_qualified_functions
    Feature record: CXX_FEATURE:1cxx_relaxed_constexpr
    Feature record: CXX_FEATURE:1cxx_return_type_deduction
    Feature record: CXX_FEATURE:1cxx_right_angle_brackets
    Feature record: CXX_FEATURE:1cxx_rvalue_references
    Feature record: CXX_FEATURE:1cxx_sizeof_member
    Feature record: CXX_FEATURE:1cxx_static_assert
    Feature record: CXX_FEATURE:1cxx_strong_enums
    Feature record: CXX_FEATURE:1cxx_template_template_parameters
    Feature record: CXX_FEATURE:1cxx_thread_local
    Feature record: CXX_FEATURE:1cxx_trailing_return_types
    Feature record: CXX_FEATURE:1cxx_unicode_literals
    Feature record: CXX_FEATURE:1cxx_uniform_initialization
    Feature record: CXX_FEATURE:1cxx_unrestricted_unions
    Feature record: CXX_FEATURE:1cxx_user_literals
    Feature record: CXX_FEATURE:1cxx_variable_templates
    Feature record: CXX_FEATURE:1cxx_variadic_macros
    Feature record: CXX_FEATURE:1cxx_variadic_templates


Detecting CXX [-std=c++11] compiler features compiled with the following output:
Change Dir: /home/asridharan/projects/ric-co/ric-plt/lib/rmr/build/ext_nng-prefix/src/ext_nng-build/CMakeFiles/CMakeTmp

Run Build Command:"/usr/bin/make" "cmTC_db54e/fast"
make[3]: Entering directory '/home/asridharan/projects/ric-co/ric-plt/lib/rmr/build/ext_nng-prefix/src/ext_nng-build/CMakeFiles/CMakeTmp'
/usr/bin/make -f CMakeFiles/cmTC_db54e.dir/build.make CMakeFiles/cmTC_db54e.dir/build
make[4]: Entering directory '/home/asridharan/projects/ric-co/ric-plt/lib/rmr/build/ext_nng-prefix/src/ext_nng-build/CMakeFiles/CMakeTmp'
Building CXX object CMakeFiles/cmTC_db54e.dir/feature_tests.cxx.o
/usr/bin/c++     -std=c++11 -o CMakeFiles/cmTC_db54e.dir/feature_tests.cxx.o -c /home/asridharan/projects/ric-co/ric-plt/lib/rmr/build/ext_nng-prefix/src/ext_nng-build/CMakeFiles/feature_tests.cxx
Linking CXX executable cmTC_db54e
/usr/bin/cmake -E cmake_link_script CMakeFiles/cmTC_db54e.dir/link.txt --verbose=1
/usr/bin/c++        CMakeFiles/cmTC_db54e.dir/feature_tests.cxx.o  -o cmTC_db54e -rdynamic 
make[4]: Leaving directory '/home/asridharan/projects/ric-co/ric-plt/lib/rmr/build/ext_nng-prefix/src/ext_nng-build/CMakeFiles/CMakeTmp'
make[3]: Leaving directory '/home/asridharan/projects/ric-co/ric-plt/lib/rmr/build/ext_nng-prefix/src/ext_nng-build/CMakeFiles/CMakeTmp'


    Feature record: CXX_FEATURE:0cxx_aggregate_default_initializers
    Feature record: CXX_FEATURE:1cxx_alias_templates
    Feature record: CXX_FEATURE:1cxx_alignas
    Feature record: CXX_FEATURE:1cxx_alignof
    Feature record: CXX_FEATURE:1cxx_attributes
    Feature record: CXX_FEATURE:0cxx_attribute_deprecated
    Feature record: CXX_FEATURE:1cxx_auto_type
    Feature record: CXX_FEATURE:0cxx_binary_literals
    Feature record: CXX_FEATURE:1cxx_constexpr
    Feature record: CXX_FEATURE:0cxx_contextual_conversions
    Feature record: CXX_FEATURE:1cxx_decltype
    Feature record: CXX_FEATURE:0cxx_decltype_auto
    Feature record: CXX_FEATURE:1cxx_decltype_incomplete_return_types
    Feature record: CXX_FEATURE:1cxx_default_function_template_args
    Feature record: CXX_FEATURE:1cxx_defaulted_functions
    Feature record: CXX_FEATURE:1cxx_defaulted_move_initializers
    Feature record: CXX_FEATURE:1cxx_delegating_constructors
    Feature record: CXX_FEATURE:1cxx_deleted_functions
    Feature record: CXX_FEATURE:0cxx_digit_separators
    Feature record: CXX_FEATURE:1cxx_enum_forward_declarations
    Feature record: CXX_FEATURE:1cxx_explicit_conversions
    Feature record: CXX_FEATURE:1cxx_extended_friend_declarations
    Feature record: CXX_FEATURE:1cxx_extern_templates
    Feature record: CXX_FEATURE:1cxx_final
    Feature record: CXX_FEATURE:1cxx_func_identifier
    Feature record: CXX_FEATURE:1cxx_generalized_initializers
    Feature record: CXX_FEATURE:0cxx_generic_lambdas
    Feature record: CXX_FEATURE:1cxx_inheriting_constructors
    Feature record: CXX_FEATURE:1cxx_inline_namespaces
    Feature record: CXX_FEATURE:1cxx_lambdas
    Feature record: CXX_FEATURE:0cxx_lambda_init_captures
    Feature record: CXX_FEATURE:1cxx_local_type_template_args
    Feature record: CXX_FEATURE:1cxx_long_long_type
    Feature record: CXX_FEATURE:1cxx_noexcept
    Feature record: CXX_FEATURE:1cxx_nonstatic_member_init
    Feature record: CXX_FEATURE:1cxx_nullptr
    Feature record: CXX_FEATURE:1cxx_override
    Feature record: CXX_FEATURE:1cxx_range_for
    Feature record: CXX_FEATURE:1cxx_raw_string_literals
    Feature record: CXX_FEATURE:1cxx_reference_qualified_functions
    Feature record: CXX_FEATURE:0cxx_relaxed_constexpr
    Feature record: CXX_FEATURE:0cxx_return_type_deduction
    Feature record: CXX_FEATURE:1cxx_right_angle_brackets
    Feature record: CXX_FEATURE:1cxx_rvalue_references
    Feature record: CXX_FEATURE:1cxx_sizeof_member
    Feature record: CXX_FEATURE:1cxx_static_assert
    Feature record: CXX_FEATURE:1cxx_strong_enums
    Feature record: CXX_FEATURE:1cxx_template_template_parameters
    Feature record: CXX_FEATURE:1cxx_thread_local
    Feature record: CXX_FEATURE:1cxx_trailing_return_types
    Feature record: CXX_FEATURE:1cxx_unicode_literals
    Feature record: CXX_FEATURE:1cxx_uniform_initialization
    Feature record: CXX_FEATURE:1cxx_unrestricted_unions
    Feature record: CXX_FEATURE:1cxx_user_literals
    Feature record: CXX_FEATURE:0cxx_variable_templates
    Feature record: CXX_FEATURE:1cxx_variadic_macros
    Feature record: CXX_FEATURE:1cxx_variadic_templates


Detecting CXX [-std=c++98] compiler features compiled with the following output:
Change Dir: /home/asridharan/projects/ric-co/ric-plt/lib/rmr/build/ext_nng-prefix/src/ext_nng-build/CMakeFiles/CMakeTmp

Run Build Command:"/usr/bin/make" "cmTC_30911/fast"
make[3]: Entering directory '/home/asridharan/projects/ric-co/ric-plt/lib/rmr/build/ext_nng-prefix/src/ext_nng-build/CMakeFiles/CMakeTmp'
/usr/bin/make -f CMakeFiles/cmTC_30911.dir/build.make CMakeFiles/cmTC_30911.dir/build
make[4]: Entering directory '/home/asridharan/projects/ric-co/ric-plt/lib/rmr/build/ext_nng-prefix/src/ext_nng-build/CMakeFiles/CMakeTmp'
Building CXX object CMakeFiles/cmTC_30911.dir/feature_tests.cxx.o
/usr/bin/c++     -std=c++98 -o CMakeFiles/cmTC_30911.dir/feature_tests.cxx.o -c /home/asridharan/projects/ric-co/ric-plt/lib/rmr/build/ext_nng-prefix/src/ext_nng-build/CMakeFiles/feature_tests.cxx
Linking CXX executable cmTC_30911
/usr/bin/cmake -E cmake_link_script CMakeFiles/cmTC_30911.dir/link.txt --verbose=1
/usr/bin/c++        CMakeFiles/cmTC_30911.dir/feature_tests.cxx.o  -o cmTC_30911 -rdynamic 
make[4]: Leaving directory '/home/asridharan/projects/ric-co/ric-plt/lib/rmr/build/ext_nng-prefix/src/ext_nng-build/CMakeFiles/CMakeTmp'
make[3]: Leaving directory '/home/asridharan/projects/ric-co/ric-plt/lib/rmr/build/ext_nng-prefix/src/ext_nng-build/CMakeFiles/CMakeTmp'


    Feature record: CXX_FEATURE:0cxx_aggregate_default_initializers
    Feature record: CXX_FEATURE:0cxx_alias_templates
    Feature record: CXX_FEATURE:0cxx_alignas
    Feature record: CXX_FEATURE:0cxx_alignof
    Feature record: CXX_FEATURE:0cxx_attributes
    Feature record: CXX_FEATURE:0cxx_attribute_deprecated
    Feature record: CXX_FEATURE:0cxx_auto_type
    Feature record: CXX_FEATURE:0cxx_binary_literals
    Feature record: CXX_FEATURE:0cxx_constexpr
    Feature record: CXX_FEATURE:0cxx_contextual_conversions
    Feature record: CXX_FEATURE:0cxx_decltype
    Feature record: CXX_FEATURE:0cxx_decltype_auto
    Feature record: CXX_FEATURE:0cxx_decltype_incomplete_return_types
    Feature record: CXX_FEATURE:0cxx_default_function_template_args
    Feature record: CXX_FEATURE:0cxx_defaulted_functions
    Feature record: CXX_FEATURE:0cxx_defaulted_move_initializers
    Feature record: CXX_FEATURE:0cxx_delegating_constructors
    Feature record: CXX_FEATURE:0cxx_deleted_functions
    Feature record: CXX_FEATURE:0cxx_digit_separators
    Feature record: CXX_FEATURE:0cxx_enum_forward_declarations
    Feature record: CXX_FEATURE:0cxx_explicit_conversions
    Feature record: CXX_FEATURE:0cxx_extended_friend_declarations
    Feature record: CXX_FEATURE:0cxx_extern_templates
    Feature record: CXX_FEATURE:0cxx_final
    Feature record: CXX_FEATURE:0cxx_func_identifier
    Feature record: CXX_FEATURE:0cxx_generalized_initializers
    Feature record: CXX_FEATURE:0cxx_generic_lambdas
    Feature record: CXX_FEATURE:0cxx_inheriting_constructors
    Feature record: CXX_FEATURE:0cxx_inline_namespaces
    Feature record: CXX_FEATURE:0cxx_lambdas
    Feature record: CXX_FEATURE:0cxx_lambda_init_captures
    Feature record: CXX_FEATURE:0cxx_local_type_template_args
    Feature record: CXX_FEATURE:0cxx_long_long_type
    Feature record: CXX_FEATURE:0cxx_noexcept
    Feature record: CXX_FEATURE:0cxx_nonstatic_member_init
    Feature record: CXX_FEATURE:0cxx_nullptr
    Feature record: CXX_FEATURE:0cxx_override
    Feature record: CXX_FEATURE:0cxx_range_for
    Feature record: CXX_FEATURE:0cxx_raw_string_literals
    Feature record: CXX_FEATURE:0cxx_reference_qualified_functions
    Feature record: CXX_FEATURE:0cxx_relaxed_constexpr
    Feature record: CXX_FEATURE:0cxx_return_type_deduction
    Feature record: CXX_FEATURE:0cxx_right_angle_brackets
    Feature record: CXX_FEATURE:0cxx_rvalue_references
    Feature record: CXX_FEATURE:0cxx_sizeof_member
    Feature record: CXX_FEATURE:0cxx_static_assert
    Feature record: CXX_FEATURE:0cxx_strong_enums
    Feature record: CXX_FEATURE:1cxx_template_template_parameters
    Feature record: CXX_FEATURE:0cxx_thread_local
    Feature record: CXX_FEATURE:0cxx_trailing_return_types
    Feature record: CXX_FEATURE:0cxx_unicode_literals
    Feature record: CXX_FEATURE:0cxx_uniform_initialization
    Feature record: CXX_FEATURE:0cxx_unrestricted_unions
    Feature record: CXX_FEATURE:0cxx_user_literals
    Feature record: CXX_FEATURE:0cxx_variable_templates
    Feature record: CXX_FEATURE:0cxx_variadic_macros
    Feature record: CXX_FEATURE:0cxx_variadic_templates
